21-May-2026 18:07:01.895 INFO [main] org.apache.catalina.startup.VersionLoggerListener.log Server version name:   Apache Tomcat/9.0.98
21-May-2026 18:07:01.895 INFO [main] org.apache.catalina.startup.VersionLoggerListener.log Server built:          Dec 5 2024 19:50:29 UTC
21-May-2026 18:07:01.895 INFO [main] org.apache.catalina.startup.VersionLoggerListener.log Server version number: 9.0.98.0
21-May-2026 18:07:01.895 INFO [main] org.apache.catalina.startup.VersionLoggerListener.log OS Name:               Windows 11
21-May-2026 18:07:01.895 INFO [main] org.apache.catalina.startup.VersionLoggerListener.log OS Version:            10.0
21-May-2026 18:07:01.895 INFO [main] org.apache.catalina.startup.VersionLoggerListener.log Architecture:          amd64
21-May-2026 18:07:01.895 INFO [main] org.apache.catalina.startup.VersionLoggerListener.log Java Home:             C:\Program Files\Eclipse Adoptium\jdk-8.0.482.8-hotspot\jre
21-May-2026 18:07:01.908 INFO [main] org.apache.catalina.startup.VersionLoggerListener.log JVM Version:           1.8.0_482-b08
21-May-2026 18:07:01.908 INFO [main] org.apache.catalina.startup.VersionLoggerListener.log JVM Vendor:            Temurin
21-May-2026 18:07:01.908 INFO [main] org.apache.catalina.startup.VersionLoggerListener.log CATALINA_BASE:         D:\HRMS_PROJECT_NEW\tomcat
21-May-2026 18:07:01.908 INFO [main] org.apache.catalina.startup.VersionLoggerListener.log CATALINA_HOME:         D:\HRMS_PROJECT_NEW\tomcat
21-May-2026 18:07:01.908 INFO [main] org.apache.catalina.startup.VersionLoggerListener.log Command line argument: -Djava.util.logging.config.file=D:\HRMS_PROJECT_NEW\tomcat\conf\logging.properties
21-May-2026 18:07:01.908 INFO [main] org.apache.catalina.startup.VersionLoggerListener.log Command line argument: -Djava.util.logging.manager=org.apache.juli.ClassLoaderLogManager
21-May-2026 18:07:01.921 INFO [main] org.apache.catalina.startup.VersionLoggerListener.log Command line argument: -Djdk.tls.ephemeralDHKeySize=2048
21-May-2026 18:07:01.921 INFO [main] org.apache.catalina.startup.VersionLoggerListener.log Command line argument: -Djava.protocol.handler.pkgs=org.apache.catalina.webresources
21-May-2026 18:07:01.921 INFO [main] org.apache.catalina.startup.VersionLoggerListener.log Command line argument: -Dignore.endorsed.dirs=
21-May-2026 18:07:01.921 INFO [main] org.apache.catalina.startup.VersionLoggerListener.log Command line argument: -Dcatalina.base=D:\HRMS_PROJECT_NEW\tomcat
21-May-2026 18:07:01.921 INFO [main] org.apache.catalina.startup.VersionLoggerListener.log Command line argument: -Dcatalina.home=D:\HRMS_PROJECT_NEW\tomcat
21-May-2026 18:07:01.921 INFO [main] org.apache.catalina.startup.VersionLoggerListener.log Command line argument: -Djava.io.tmpdir=D:\HRMS_PROJECT_NEW\tomcat\temp
21-May-2026 18:07:01.940 INFO [main] org.apache.catalina.core.AprLifecycleListener.lifecycleEvent The Apache Tomcat Native library which allows using OpenSSL was not found on the java.library.path: [C:\Program Files\Eclipse Adoptium\jdk-8.0.482.8-hotspot\bin;C:\WINDOWS\Sun\Java\bin;C:\WINDOWS\system32;C:\WINDOWS;C:\Program Files\Eclipse Adoptium\jdk-8.0.482.8-hotspot\bin;C:\WINDOWS\system32;C:\WINDOWS;C:\WINDOWS\System32\Wbem;C:\WINDOWS\System32\WindowsPowerShell\v1.0\;C:\WINDOWS\System32\OpenSSH\;C:\Users\My PC\AppData\Local\Programs\Python\Python311;C:\Users\My PC\AppData\Local\Programs\Python\Python311\Scripts;C:\Program Files\nodejs\;C:\Program Files\Git\cmd;C:\Users\My PC\.local\bin;C:\Users\My PC\AppData\Local\Programs\Python\Python311\Scripts\;C:\Users\My PC\AppData\Local\Programs\Python\Python311\;C:\Program Files\MySQL\MySQL Shell 8.0\bin\;C:\Users\My PC\AppData\Local\Microsoft\WindowsApps;C:\Users\My PC\AppData\Local\GitHubDesktop\bin;C:\Users\My PC\AppData\Local\Programs\Microsoft VS Code\bin;C:\Users\My PC\AppData\Local\Python\bin;C:\Users\My PC\AppData\Roaming\Python\Python311\Scripts;C:\Program Files\JetBrains\IntelliJ IDEA 2026.1\bin;C:\Users\My PC\AppData\Roaming\npm;.]
21-May-2026 18:07:02.689 INFO [main] org.apache.coyote.AbstractProtocol.init Initializing ProtocolHandler ["http-nio-8085"]
21-May-2026 18:07:02.744 INFO [main] org.apache.catalina.startup.Catalina.load Server initialization in [1345] milliseconds
21-May-2026 18:07:02.834 INFO [main] org.apache.catalina.core.StandardService.startInternal Starting service [Catalina]
21-May-2026 18:07:02.834 INFO [main] org.apache.catalina.core.StandardEngine.startInternal Starting Servlet engine: [Apache Tomcat/9.0.98]
21-May-2026 18:07:02.851 INFO [main] org.apache.catalina.startup.HostConfig.deployDirectory Deploying web application directory [D:\HRMS_PROJECT_NEW\tomcat\webapps\docs]
21-May-2026 18:07:03.610 WARNING [main] org.apache.catalina.util.SessionIdGeneratorBase.createSecureRandom Creation of SecureRandom instance for session ID generation using [SHA1PRNG] took [356] milliseconds.
21-May-2026 18:07:03.676 INFO [main] org.apache.catalina.startup.HostConfig.deployDirectory Deployment of web application directory [D:\HRMS_PROJECT_NEW\tomcat\webapps\docs] has finished in [827] ms
21-May-2026 18:07:09.531 INFO [main] org.apache.catalina.startup.HostConfig.deployDirectory Deploying web application directory [D:\HRMS_PROJECT_NEW\tomcat\webapps\examples]
21-May-2026 18:07:10.324 INFO [main] org.apache.catalina.startup.HostConfig.deployDirectory Deployment of web application directory [D:\HRMS_PROJECT_NEW\tomcat\webapps\examples] has finished in [791] ms
21-May-2026 18:07:10.328 INFO [main] org.apache.catalina.startup.HostConfig.deployDirectory Deploying web application directory [D:\HRMS_PROJECT_NEW\tomcat\webapps\host-manager]
21-May-2026 18:07:10.386 INFO [main] org.apache.catalina.startup.HostConfig.deployDirectory Deployment of web application directory [D:\HRMS_PROJECT_NEW\tomcat\webapps\host-manager] has finished in [58] ms
21-May-2026 18:07:10.388 INFO [main] org.apache.catalina.startup.HostConfig.deployDirectory Deploying web application directory [D:\HRMS_PROJECT_NEW\tomcat\webapps\HRMS]
21-May-2026 18:07:10.664 INFO [main] org.apache.jasper.servlet.TldScanner.scanJars At least one JAR was scanned for TLDs yet contained no TLDs. Enable debug logging for this logger for a complete list of JARs that were scanned but no TLDs were found in them. Skipping unneeded JARs during scanning can improve startup time and JSP compilation time.
21-May-2026 18:07:10.676 INFO [main] org.apache.catalina.startup.HostConfig.deployDirectory Deployment of web application directory [D:\HRMS_PROJECT_NEW\tomcat\webapps\HRMS] has finished in [288] ms
21-May-2026 18:07:10.676 INFO [main] org.apache.catalina.startup.HostConfig.deployDirectory Deploying web application directory [D:\HRMS_PROJECT_NEW\tomcat\webapps\manager]
21-May-2026 18:07:10.731 INFO [main] org.apache.catalina.startup.HostConfig.deployDirectory Deployment of web application directory [D:\HRMS_PROJECT_NEW\tomcat\webapps\manager] has finished in [55] ms
21-May-2026 18:07:10.731 INFO [main] org.apache.catalina.startup.HostConfig.deployDirectory Deploying web application directory [D:\HRMS_PROJECT_NEW\tomcat\webapps\ROOT]
21-May-2026 18:07:10.775 INFO [main] org.apache.catalina.startup.HostConfig.deployDirectory Deployment of web application directory [D:\HRMS_PROJECT_NEW\tomcat\webapps\ROOT] has finished in [44] ms
21-May-2026 18:07:10.785 INFO [main] org.apache.coyote.AbstractProtocol.start Starting ProtocolHandler ["http-nio-8085"]
21-May-2026 18:07:10.849 INFO [main] org.apache.catalina.startup.Catalina.start Server startup in [8100] milliseconds
21-May-2026 20:36:09.367 INFO [main] org.apache.catalina.startup.VersionLoggerListener.log Server version name:   Apache Tomcat/9.0.98
21-May-2026 20:36:09.377 INFO [main] org.apache.catalina.startup.VersionLoggerListener.log Server built:          Dec 5 2024 19:50:29 UTC
21-May-2026 20:36:09.377 INFO [main] org.apache.catalina.startup.VersionLoggerListener.log Server version number: 9.0.98.0
21-May-2026 20:36:09.384 INFO [main] org.apache.catalina.startup.VersionLoggerListener.log OS Name:               Windows 11
21-May-2026 20:36:09.384 INFO [main] org.apache.catalina.startup.VersionLoggerListener.log OS Version:            10.0
21-May-2026 20:36:09.384 INFO [main] org.apache.catalina.startup.VersionLoggerListener.log Architecture:          amd64
21-May-2026 20:36:09.384 INFO [main] org.apache.catalina.startup.VersionLoggerListener.log Java Home:             C:\Program Files\Eclipse Adoptium\jdk-8.0.482.8-hotspot\jre
21-May-2026 20:36:09.386 INFO [main] org.apache.catalina.startup.VersionLoggerListener.log JVM Version:           1.8.0_482-b08
21-May-2026 20:36:09.386 INFO [main] org.apache.catalina.startup.VersionLoggerListener.log JVM Vendor:            Temurin
21-May-2026 20:36:09.386 INFO [main] org.apache.catalina.startup.VersionLoggerListener.log CATALINA_BASE:         D:\HRMS_PROJECT_NEW\tomcat
21-May-2026 20:36:09.388 INFO [main] org.apache.catalina.startup.VersionLoggerListener.log CATALINA_HOME:         D:\HRMS_PROJECT_NEW\tomcat
21-May-2026 20:36:09.388 INFO [main] org.apache.catalina.startup.VersionLoggerListener.log Command line argument: -Djava.util.logging.config.file=D:\HRMS_PROJECT_NEW\tomcat\conf\logging.properties
21-May-2026 20:36:09.388 INFO [main] org.apache.catalina.startup.VersionLoggerListener.log Command line argument: -Djava.util.logging.manager=org.apache.juli.ClassLoaderLogManager
21-May-2026 20:36:09.388 INFO [main] org.apache.catalina.startup.VersionLoggerListener.log Command line argument: -Djdk.tls.ephemeralDHKeySize=2048
21-May-2026 20:36:09.388 INFO [main] org.apache.catalina.startup.VersionLoggerListener.log Command line argument: -Djava.protocol.handler.pkgs=org.apache.catalina.webresources
21-May-2026 20:36:09.388 INFO [main] org.apache.catalina.startup.VersionLoggerListener.log Command line argument: -Dignore.endorsed.dirs=
21-May-2026 20:36:09.388 INFO [main] org.apache.catalina.startup.VersionLoggerListener.log Command line argument: -Dcatalina.base=D:\HRMS_PROJECT_NEW\tomcat
21-May-2026 20:36:09.393 INFO [main] org.apache.catalina.startup.VersionLoggerListener.log Command line argument: -Dcatalina.home=D:\HRMS_PROJECT_NEW\tomcat
21-May-2026 20:36:09.397 INFO [main] org.apache.catalina.startup.VersionLoggerListener.log Command line argument: -Djava.io.tmpdir=D:\HRMS_PROJECT_NEW\tomcat\temp
21-May-2026 20:36:09.409 INFO [main] org.apache.catalina.core.AprLifecycleListener.lifecycleEvent The Apache Tomcat Native library which allows using OpenSSL was not found on the java.library.path: [C:\Program Files\Eclipse Adoptium\jdk-8.0.482.8-hotspot\bin;C:\WINDOWS\Sun\Java\bin;C:\WINDOWS\system32;C:\WINDOWS;C:\Program Files\Eclipse Adoptium\jdk-8.0.482.8-hotspot\bin;C:\WINDOWS\system32;C:\WINDOWS;C:\WINDOWS\System32\Wbem;C:\WINDOWS\System32\WindowsPowerShell\v1.0\;C:\WINDOWS\System32\OpenSSH\;C:\Users\My PC\AppData\Local\Programs\Python\Python311;C:\Users\My PC\AppData\Local\Programs\Python\Python311\Scripts;C:\Program Files\nodejs\;C:\Program Files\Git\cmd;C:\Users\My PC\.local\bin;C:\Users\My PC\AppData\Local\Programs\Python\Python311\Scripts\;C:\Users\My PC\AppData\Local\Programs\Python\Python311\;C:\Program Files\MySQL\MySQL Shell 8.0\bin\;C:\Users\My PC\AppData\Local\Microsoft\WindowsApps;C:\Users\My PC\AppData\Local\GitHubDesktop\bin;C:\Users\My PC\AppData\Local\Programs\Microsoft VS Code\bin;C:\Users\My PC\AppData\Local\Python\bin;C:\Users\My PC\AppData\Roaming\Python\Python311\Scripts;C:\Program Files\JetBrains\IntelliJ IDEA 2026.1\bin;C:\Users\My PC\AppData\Roaming\npm;.]
21-May-2026 20:36:10.067 INFO [main] org.apache.coyote.AbstractProtocol.init Initializing ProtocolHandler ["http-nio-8085"]
21-May-2026 20:36:10.120 INFO [main] org.apache.catalina.startup.Catalina.load Server initialization in [1139] milliseconds
21-May-2026 20:36:10.188 INFO [main] org.apache.catalina.core.StandardService.startInternal Starting service [Catalina]
21-May-2026 20:36:10.188 INFO [main] org.apache.catalina.core.StandardEngine.startInternal Starting Servlet engine: [Apache Tomcat/9.0.98]
21-May-2026 20:36:10.204 INFO [main] org.apache.catalina.startup.HostConfig.deployDirectory Deploying web application directory [D:\HRMS_PROJECT_NEW\tomcat\webapps\docs]
21-May-2026 20:36:11.034 WARNING [main] org.apache.catalina.util.SessionIdGeneratorBase.createSecureRandom Creation of SecureRandom instance for session ID generation using [SHA1PRNG] took [406] milliseconds.
21-May-2026 20:36:11.097 INFO [main] org.apache.catalina.startup.HostConfig.deployDirectory Deployment of web application directory [D:\HRMS_PROJECT_NEW\tomcat\webapps\docs] has finished in [893] ms
21-May-2026 20:36:11.099 INFO [main] org.apache.catalina.startup.HostConfig.deployDirectory Deploying web application directory [D:\HRMS_PROJECT_NEW\tomcat\webapps\examples]
21-May-2026 20:36:11.809 INFO [main] org.apache.catalina.startup.HostConfig.deployDirectory Deployment of web application directory [D:\HRMS_PROJECT_NEW\tomcat\webapps\examples] has finished in [710] ms
21-May-2026 20:36:11.809 INFO [main] org.apache.catalina.startup.HostConfig.deployDirectory Deploying web application directory [D:\HRMS_PROJECT_NEW\tomcat\webapps\host-manager]
21-May-2026 20:36:11.859 INFO [main] org.apache.catalina.startup.HostConfig.deployDirectory Deployment of web application directory [D:\HRMS_PROJECT_NEW\tomcat\webapps\host-manager] has finished in [50] ms
21-May-2026 20:36:11.859 INFO [main] org.apache.catalina.startup.HostConfig.deployDirectory Deploying web application directory [D:\HRMS_PROJECT_NEW\tomcat\webapps\HRMS]
21-May-2026 20:36:12.166 INFO [main] org.apache.jasper.servlet.TldScanner.scanJars At least one JAR was scanned for TLDs yet contained no TLDs. Enable debug logging for this logger for a complete list of JARs that were scanned but no TLDs were found in them. Skipping unneeded JARs during scanning can improve startup time and JSP compilation time.
21-May-2026 20:36:12.177 INFO [main] org.apache.catalina.startup.HostConfig.deployDirectory Deployment of web application directory [D:\HRMS_PROJECT_NEW\tomcat\webapps\HRMS] has finished in [318] ms
21-May-2026 20:36:12.183 INFO [main] org.apache.catalina.startup.HostConfig.deployDirectory Deploying web application directory [D:\HRMS_PROJECT_NEW\tomcat\webapps\manager]
21-May-2026 20:36:12.233 INFO [main] org.apache.catalina.startup.HostConfig.deployDirectory Deployment of web application directory [D:\HRMS_PROJECT_NEW\tomcat\webapps\manager] has finished in [50] ms
21-May-2026 20:36:12.233 INFO [main] org.apache.catalina.startup.HostConfig.deployDirectory Deploying web application directory [D:\HRMS_PROJECT_NEW\tomcat\webapps\ROOT]
21-May-2026 20:36:12.275 INFO [main] org.apache.catalina.startup.HostConfig.deployDirectory Deployment of web application directory [D:\HRMS_PROJECT_NEW\tomcat\webapps\ROOT] has finished in [42] ms
21-May-2026 20:36:12.284 INFO [main] org.apache.coyote.AbstractProtocol.start Starting ProtocolHandler ["http-nio-8085"]
21-May-2026 20:36:12.338 INFO [main] org.apache.catalina.startup.Catalina.start Server startup in [2230] milliseconds
