10-Apr-2026 16:25:38.767 INFO [main] org.apache.catalina.startup.VersionLoggerListener.log Server version name:   Apache Tomcat/9.0.98
10-Apr-2026 16:25:38.771 INFO [main] org.apache.catalina.startup.VersionLoggerListener.log Server built:          Dec 5 2024 19:50:29 UTC
10-Apr-2026 16:25:38.772 INFO [main] org.apache.catalina.startup.VersionLoggerListener.log Server version number: 9.0.98.0
10-Apr-2026 16:25:38.772 INFO [main] org.apache.catalina.startup.VersionLoggerListener.log OS Name:               Windows 11
10-Apr-2026 16:25:38.772 INFO [main] org.apache.catalina.startup.VersionLoggerListener.log OS Version:            10.0
10-Apr-2026 16:25:38.773 INFO [main] org.apache.catalina.startup.VersionLoggerListener.log Architecture:          amd64
10-Apr-2026 16:25:38.773 INFO [main] org.apache.catalina.startup.VersionLoggerListener.log Java Home:             C:\Program Files\Java\jdk-24
10-Apr-2026 16:25:38.773 INFO [main] org.apache.catalina.startup.VersionLoggerListener.log JVM Version:           24.0.2+12-54
10-Apr-2026 16:25:38.773 INFO [main] org.apache.catalina.startup.VersionLoggerListener.log JVM Vendor:            Oracle Corporation
10-Apr-2026 16:25:38.774 INFO [main] org.apache.catalina.startup.VersionLoggerListener.log CATALINA_BASE:         D:\New folder\HRMS\tomcat
10-Apr-2026 16:25:38.774 INFO [main] org.apache.catalina.startup.VersionLoggerListener.log CATALINA_HOME:         D:\New folder\HRMS\tomcat
10-Apr-2026 16:25:38.803 INFO [main] org.apache.catalina.startup.VersionLoggerListener.log Command line argument: --add-opens=java.base/java.lang=ALL-UNNAMED
10-Apr-2026 16:25:38.803 INFO [main] org.apache.catalina.startup.VersionLoggerListener.log Command line argument: --add-opens=java.base/java.io=ALL-UNNAMED
10-Apr-2026 16:25:38.803 INFO [main] org.apache.catalina.startup.VersionLoggerListener.log Command line argument: --add-opens=java.base/java.util=ALL-UNNAMED
10-Apr-2026 16:25:38.803 INFO [main] org.apache.catalina.startup.VersionLoggerListener.log Command line argument: --add-opens=java.base/java.util.concurrent=ALL-UNNAMED
10-Apr-2026 16:25:38.804 INFO [main] org.apache.catalina.startup.VersionLoggerListener.log Command line argument: --add-opens=java.rmi/sun.rmi.transport=ALL-UNNAMED
10-Apr-2026 16:25:38.804 INFO [main] org.apache.catalina.startup.VersionLoggerListener.log Command line argument: -Djava.util.logging.config.file=D:\New folder\HRMS\tomcat\conf\logging.properties
10-Apr-2026 16:25:38.805 INFO [main] org.apache.catalina.startup.VersionLoggerListener.log Command line argument: -Djava.util.logging.manager=org.apache.juli.ClassLoaderLogManager
10-Apr-2026 16:25:38.805 INFO [main] org.apache.catalina.startup.VersionLoggerListener.log Command line argument: -Djdk.tls.ephemeralDHKeySize=2048
10-Apr-2026 16:25:38.805 INFO [main] org.apache.catalina.startup.VersionLoggerListener.log Command line argument: -Djava.protocol.handler.pkgs=org.apache.catalina.webresources
10-Apr-2026 16:25:38.805 INFO [main] org.apache.catalina.startup.VersionLoggerListener.log Command line argument: -Dignore.endorsed.dirs=
10-Apr-2026 16:25:38.805 INFO [main] org.apache.catalina.startup.VersionLoggerListener.log Command line argument: -Dcatalina.base=D:\New folder\HRMS\tomcat
10-Apr-2026 16:25:38.805 INFO [main] org.apache.catalina.startup.VersionLoggerListener.log Command line argument: -Dcatalina.home=D:\New folder\HRMS\tomcat
10-Apr-2026 16:25:38.807 INFO [main] org.apache.catalina.startup.VersionLoggerListener.log Command line argument: -Djava.io.tmpdir=D:\New folder\HRMS\tomcat\temp
10-Apr-2026 16:25:38.820 INFO [main] org.apache.catalina.core.AprLifecycleListener.lifecycleEvent The Apache Tomcat Native library which allows using OpenSSL was not found on the java.library.path: [C:\Program Files\Java\jdk-24\bin;C:\WINDOWS\Sun\Java\bin;C:\WINDOWS\system32;C:\WINDOWS;C:\Program Files\Common Files\Oracle\Java\javapath;C:\WINDOWS\system32;C:\WINDOWS;C:\WINDOWS\System32\Wbem;C:\WINDOWS\System32\WindowsPowerShell\v1.0\;C:\WINDOWS\System32\OpenSSH\;C:\Users\Admin\AppData\Local\Programs\Python\Python311\Scripts;C:\Users\Admin\AppData\Local\Programs\Python\Python311\Lib;C:\Program Files\Java\jdk-24\bin;C:\Program Files\Git\cmd;C:\Users\Admin\AppData\Local\Programs\Python\Python39\Scripts\;C:\Users\Admin\AppData\Local\Programs\Python\Python39\;C:\Users\Admin\AppData\Local\Programs\Python\Python311\Scripts;C:\Users\Admin\AppData\Local\Programs\Python\Python311\;C:\Users\Admin\AppData\Local\Microsoft\WindowsApps;C:\Program Files\Java\jdk-24\bin;C:\Users\Admin\AppData\Local\Programs\Python\Python311\Lib;C:\Users\Admin\AppData\Local\Programs\Microsoft VS Code\bin;C:\Users\Admin\AppData\Local\Programs\Antigravity\bin;.]
10-Apr-2026 16:25:39.504 INFO [main] org.apache.coyote.AbstractProtocol.init Initializing ProtocolHandler ["http-nio-8080"]
10-Apr-2026 16:25:39.552 INFO [main] org.apache.catalina.startup.Catalina.load Server initialization in [1198] milliseconds
10-Apr-2026 16:25:39.667 INFO [main] org.apache.catalina.core.StandardService.startInternal Starting service [Catalina]
10-Apr-2026 16:25:39.667 INFO [main] org.apache.catalina.core.StandardEngine.startInternal Starting Servlet engine: [Apache Tomcat/9.0.98]
10-Apr-2026 16:25:39.682 INFO [main] org.apache.catalina.startup.HostConfig.deployDirectory Deploying web application directory [D:\New folder\HRMS\tomcat\webapps\docs]
10-Apr-2026 16:25:40.271 INFO [main] org.apache.catalina.startup.HostConfig.deployDirectory Deployment of web application directory [D:\New folder\HRMS\tomcat\webapps\docs] has finished in [587] ms
10-Apr-2026 16:25:40.273 INFO [main] org.apache.catalina.startup.HostConfig.deployDirectory Deploying web application directory [D:\New folder\HRMS\tomcat\webapps\examples]
10-Apr-2026 16:25:41.398 INFO [main] org.apache.catalina.startup.HostConfig.deployDirectory Deployment of web application directory [D:\New folder\HRMS\tomcat\webapps\examples] has finished in [1,124] ms
10-Apr-2026 16:25:41.400 INFO [main] org.apache.catalina.startup.HostConfig.deployDirectory Deploying web application directory [D:\New folder\HRMS\tomcat\webapps\host-manager]
10-Apr-2026 16:25:41.520 INFO [main] org.apache.catalina.startup.HostConfig.deployDirectory Deployment of web application directory [D:\New folder\HRMS\tomcat\webapps\host-manager] has finished in [121] ms
10-Apr-2026 16:25:41.521 INFO [main] org.apache.catalina.startup.HostConfig.deployDirectory Deploying web application directory [D:\New folder\HRMS\tomcat\webapps\HRMS]
10-Apr-2026 16:25:41.965 INFO [main] org.apache.jasper.servlet.TldScanner.scanJars At least one JAR was scanned for TLDs yet contained no TLDs. Enable debug logging for this logger for a complete list of JARs that were scanned but no TLDs were found in them. Skipping unneeded JARs during scanning can improve startup time and JSP compilation time.
10-Apr-2026 16:25:41.990 INFO [main] org.apache.catalina.startup.HostConfig.deployDirectory Deployment of web application directory [D:\New folder\HRMS\tomcat\webapps\HRMS] has finished in [468] ms
10-Apr-2026 16:25:41.990 INFO [main] org.apache.catalina.startup.HostConfig.deployDirectory Deploying web application directory [D:\New folder\HRMS\tomcat\webapps\manager]
10-Apr-2026 16:25:42.089 INFO [main] org.apache.catalina.startup.HostConfig.deployDirectory Deployment of web application directory [D:\New folder\HRMS\tomcat\webapps\manager] has finished in [98] ms
10-Apr-2026 16:25:42.089 INFO [main] org.apache.catalina.startup.HostConfig.deployDirectory Deploying web application directory [D:\New folder\HRMS\tomcat\webapps\ROOT]
10-Apr-2026 16:25:42.155 INFO [main] org.apache.catalina.startup.HostConfig.deployDirectory Deployment of web application directory [D:\New folder\HRMS\tomcat\webapps\ROOT] has finished in [65] ms
10-Apr-2026 16:25:42.167 INFO [main] org.apache.coyote.AbstractProtocol.start Starting ProtocolHandler ["http-nio-8080"]
10-Apr-2026 16:25:42.258 INFO [main] org.apache.catalina.startup.Catalina.start Server startup in [2701] milliseconds
10-Apr-2026 16:31:33.945 INFO [main] org.apache.catalina.startup.VersionLoggerListener.log Server version name:   Apache Tomcat/9.0.98
10-Apr-2026 16:31:33.947 INFO [main] org.apache.catalina.startup.VersionLoggerListener.log Server built:          Dec 5 2024 19:50:29 UTC
10-Apr-2026 16:31:33.948 INFO [main] org.apache.catalina.startup.VersionLoggerListener.log Server version number: 9.0.98.0
10-Apr-2026 16:31:33.948 INFO [main] org.apache.catalina.startup.VersionLoggerListener.log OS Name:               Windows 11
10-Apr-2026 16:31:33.949 INFO [main] org.apache.catalina.startup.VersionLoggerListener.log OS Version:            10.0
10-Apr-2026 16:31:33.949 INFO [main] org.apache.catalina.startup.VersionLoggerListener.log Architecture:          amd64
10-Apr-2026 16:31:33.949 INFO [main] org.apache.catalina.startup.VersionLoggerListener.log Java Home:             C:\Program Files\Java\jdk-24
10-Apr-2026 16:31:33.949 INFO [main] org.apache.catalina.startup.VersionLoggerListener.log JVM Version:           24.0.2+12-54
10-Apr-2026 16:31:33.950 INFO [main] org.apache.catalina.startup.VersionLoggerListener.log JVM Vendor:            Oracle Corporation
10-Apr-2026 16:31:33.950 INFO [main] org.apache.catalina.startup.VersionLoggerListener.log CATALINA_BASE:         D:\New folder\HRMS\tomcat
10-Apr-2026 16:31:33.951 INFO [main] org.apache.catalina.startup.VersionLoggerListener.log CATALINA_HOME:         D:\New folder\HRMS\tomcat
10-Apr-2026 16:31:33.979 INFO [main] org.apache.catalina.startup.VersionLoggerListener.log Command line argument: --add-opens=java.base/java.lang=ALL-UNNAMED
10-Apr-2026 16:31:33.980 INFO [main] org.apache.catalina.startup.VersionLoggerListener.log Command line argument: --add-opens=java.base/java.io=ALL-UNNAMED
10-Apr-2026 16:31:33.980 INFO [main] org.apache.catalina.startup.VersionLoggerListener.log Command line argument: --add-opens=java.base/java.util=ALL-UNNAMED
10-Apr-2026 16:31:33.980 INFO [main] org.apache.catalina.startup.VersionLoggerListener.log Command line argument: --add-opens=java.base/java.util.concurrent=ALL-UNNAMED
10-Apr-2026 16:31:33.981 INFO [main] org.apache.catalina.startup.VersionLoggerListener.log Command line argument: --add-opens=java.rmi/sun.rmi.transport=ALL-UNNAMED
10-Apr-2026 16:31:33.982 INFO [main] org.apache.catalina.startup.VersionLoggerListener.log Command line argument: -Djava.util.logging.config.file=D:\New folder\HRMS\tomcat\conf\logging.properties
10-Apr-2026 16:31:33.983 INFO [main] org.apache.catalina.startup.VersionLoggerListener.log Command line argument: -Djava.util.logging.manager=org.apache.juli.ClassLoaderLogManager
10-Apr-2026 16:31:33.983 INFO [main] org.apache.catalina.startup.VersionLoggerListener.log Command line argument: -Djdk.tls.ephemeralDHKeySize=2048
10-Apr-2026 16:31:33.983 INFO [main] org.apache.catalina.startup.VersionLoggerListener.log Command line argument: -Djava.protocol.handler.pkgs=org.apache.catalina.webresources
10-Apr-2026 16:31:33.984 INFO [main] org.apache.catalina.startup.VersionLoggerListener.log Command line argument: -Dignore.endorsed.dirs=
10-Apr-2026 16:31:33.984 INFO [main] org.apache.catalina.startup.VersionLoggerListener.log Command line argument: -Dcatalina.base=D:\New folder\HRMS\tomcat
10-Apr-2026 16:31:33.984 INFO [main] org.apache.catalina.startup.VersionLoggerListener.log Command line argument: -Dcatalina.home=D:\New folder\HRMS\tomcat
10-Apr-2026 16:31:33.984 INFO [main] org.apache.catalina.startup.VersionLoggerListener.log Command line argument: -Djava.io.tmpdir=D:\New folder\HRMS\tomcat\temp
10-Apr-2026 16:31:34.000 INFO [main] org.apache.catalina.core.AprLifecycleListener.lifecycleEvent The Apache Tomcat Native library which allows using OpenSSL was not found on the java.library.path: [C:\Program Files\Java\jdk-24\bin;C:\WINDOWS\Sun\Java\bin;C:\WINDOWS\system32;C:\WINDOWS;C:\Program Files\Common Files\Oracle\Java\javapath;C:\WINDOWS\system32;C:\WINDOWS;C:\WINDOWS\System32\Wbem;C:\WINDOWS\System32\WindowsPowerShell\v1.0\;C:\WINDOWS\System32\OpenSSH\;C:\Users\Admin\AppData\Local\Programs\Python\Python311\Scripts;C:\Users\Admin\AppData\Local\Programs\Python\Python311\Lib;C:\Program Files\Java\jdk-24\bin;C:\Program Files\Git\cmd;C:\Users\Admin\AppData\Local\Programs\Python\Python39\Scripts\;C:\Users\Admin\AppData\Local\Programs\Python\Python39\;C:\Users\Admin\AppData\Local\Programs\Python\Python311\Scripts;C:\Users\Admin\AppData\Local\Programs\Python\Python311\;C:\Users\Admin\AppData\Local\Microsoft\WindowsApps;C:\Program Files\Java\jdk-24\bin;C:\Users\Admin\AppData\Local\Programs\Python\Python311\Lib;C:\Users\Admin\AppData\Local\Programs\Microsoft VS Code\bin;C:\Users\Admin\AppData\Local\Programs\Antigravity\bin;.]
10-Apr-2026 16:31:35.054 INFO [main] org.apache.coyote.AbstractProtocol.init Initializing ProtocolHandler ["http-nio-8085"]
10-Apr-2026 16:31:35.160 INFO [main] org.apache.catalina.startup.Catalina.load Server initialization in [1720] milliseconds
10-Apr-2026 16:31:35.328 INFO [main] org.apache.catalina.core.StandardService.startInternal Starting service [Catalina]
10-Apr-2026 16:31:35.331 INFO [main] org.apache.catalina.core.StandardEngine.startInternal Starting Servlet engine: [Apache Tomcat/9.0.98]
10-Apr-2026 16:31:35.359 INFO [main] org.apache.catalina.startup.HostConfig.deployDirectory Deploying web application directory [D:\New folder\HRMS\tomcat\webapps\docs]
10-Apr-2026 16:31:36.529 INFO [main] org.apache.catalina.startup.HostConfig.deployDirectory Deployment of web application directory [D:\New folder\HRMS\tomcat\webapps\docs] has finished in [1,168] ms
10-Apr-2026 16:31:36.531 INFO [main] org.apache.catalina.startup.HostConfig.deployDirectory Deploying web application directory [D:\New folder\HRMS\tomcat\webapps\examples]
10-Apr-2026 16:31:37.512 INFO [main] org.apache.catalina.startup.HostConfig.deployDirectory Deployment of web application directory [D:\New folder\HRMS\tomcat\webapps\examples] has finished in [982] ms
10-Apr-2026 16:31:37.517 INFO [main] org.apache.catalina.startup.HostConfig.deployDirectory Deploying web application directory [D:\New folder\HRMS\tomcat\webapps\host-manager]
10-Apr-2026 16:31:37.633 INFO [main] org.apache.catalina.startup.HostConfig.deployDirectory Deployment of web application directory [D:\New folder\HRMS\tomcat\webapps\host-manager] has finished in [116] ms
10-Apr-2026 16:31:37.635 INFO [main] org.apache.catalina.startup.HostConfig.deployDirectory Deploying web application directory [D:\New folder\HRMS\tomcat\webapps\HRMS]
10-Apr-2026 16:31:38.126 INFO [main] org.apache.jasper.servlet.TldScanner.scanJars At least one JAR was scanned for TLDs yet contained no TLDs. Enable debug logging for this logger for a complete list of JARs that were scanned but no TLDs were found in them. Skipping unneeded JARs during scanning can improve startup time and JSP compilation time.
10-Apr-2026 16:31:38.153 INFO [main] org.apache.catalina.startup.HostConfig.deployDirectory Deployment of web application directory [D:\New folder\HRMS\tomcat\webapps\HRMS] has finished in [518] ms
10-Apr-2026 16:31:38.158 INFO [main] org.apache.catalina.startup.HostConfig.deployDirectory Deploying web application directory [D:\New folder\HRMS\tomcat\webapps\manager]
10-Apr-2026 16:31:38.290 INFO [main] org.apache.catalina.startup.HostConfig.deployDirectory Deployment of web application directory [D:\New folder\HRMS\tomcat\webapps\manager] has finished in [131] ms
10-Apr-2026 16:31:38.292 INFO [main] org.apache.catalina.startup.HostConfig.deployDirectory Deploying web application directory [D:\New folder\HRMS\tomcat\webapps\ROOT]
10-Apr-2026 16:31:38.417 INFO [main] org.apache.catalina.startup.HostConfig.deployDirectory Deployment of web application directory [D:\New folder\HRMS\tomcat\webapps\ROOT] has finished in [125] ms
10-Apr-2026 16:31:38.430 INFO [main] org.apache.coyote.AbstractProtocol.start Starting ProtocolHandler ["http-nio-8085"]
10-Apr-2026 16:31:38.506 INFO [main] org.apache.catalina.startup.Catalina.start Server startup in [3343] milliseconds
10-Apr-2026 16:36:21.760 INFO [main] org.apache.catalina.startup.VersionLoggerListener.log Server version name:   Apache Tomcat/9.0.98
10-Apr-2026 16:36:21.763 INFO [main] org.apache.catalina.startup.VersionLoggerListener.log Server built:          Dec 5 2024 19:50:29 UTC
10-Apr-2026 16:36:21.763 INFO [main] org.apache.catalina.startup.VersionLoggerListener.log Server version number: 9.0.98.0
10-Apr-2026 16:36:21.764 INFO [main] org.apache.catalina.startup.VersionLoggerListener.log OS Name:               Windows 11
10-Apr-2026 16:36:21.764 INFO [main] org.apache.catalina.startup.VersionLoggerListener.log OS Version:            10.0
10-Apr-2026 16:36:21.764 INFO [main] org.apache.catalina.startup.VersionLoggerListener.log Architecture:          amd64
10-Apr-2026 16:36:21.765 INFO [main] org.apache.catalina.startup.VersionLoggerListener.log Java Home:             C:\Program Files\Java\jdk-24
10-Apr-2026 16:36:21.765 INFO [main] org.apache.catalina.startup.VersionLoggerListener.log JVM Version:           24.0.2+12-54
10-Apr-2026 16:36:21.765 INFO [main] org.apache.catalina.startup.VersionLoggerListener.log JVM Vendor:            Oracle Corporation
10-Apr-2026 16:36:21.766 INFO [main] org.apache.catalina.startup.VersionLoggerListener.log CATALINA_BASE:         D:\New folder\HRMS\tomcat
10-Apr-2026 16:36:21.766 INFO [main] org.apache.catalina.startup.VersionLoggerListener.log CATALINA_HOME:         D:\New folder\HRMS\tomcat
10-Apr-2026 16:36:21.782 INFO [main] org.apache.catalina.startup.VersionLoggerListener.log Command line argument: --add-opens=java.base/java.lang=ALL-UNNAMED
10-Apr-2026 16:36:21.782 INFO [main] org.apache.catalina.startup.VersionLoggerListener.log Command line argument: --add-opens=java.base/java.io=ALL-UNNAMED
10-Apr-2026 16:36:21.782 INFO [main] org.apache.catalina.startup.VersionLoggerListener.log Command line argument: --add-opens=java.base/java.util=ALL-UNNAMED
10-Apr-2026 16:36:21.782 INFO [main] org.apache.catalina.startup.VersionLoggerListener.log Command line argument: --add-opens=java.base/java.util.concurrent=ALL-UNNAMED
10-Apr-2026 16:36:21.783 INFO [main] org.apache.catalina.startup.VersionLoggerListener.log Command line argument: --add-opens=java.rmi/sun.rmi.transport=ALL-UNNAMED
10-Apr-2026 16:36:21.783 INFO [main] org.apache.catalina.startup.VersionLoggerListener.log Command line argument: -Djava.util.logging.config.file=d:\New folder\HRMS\tomcat\conf\logging.properties
10-Apr-2026 16:36:21.783 INFO [main] org.apache.catalina.startup.VersionLoggerListener.log Command line argument: -Djava.util.logging.manager=org.apache.juli.ClassLoaderLogManager
10-Apr-2026 16:36:21.783 INFO [main] org.apache.catalina.startup.VersionLoggerListener.log Command line argument: -Djdk.tls.ephemeralDHKeySize=2048
10-Apr-2026 16:36:21.784 INFO [main] org.apache.catalina.startup.VersionLoggerListener.log Command line argument: -Djava.protocol.handler.pkgs=org.apache.catalina.webresources
10-Apr-2026 16:36:21.784 INFO [main] org.apache.catalina.startup.VersionLoggerListener.log Command line argument: -Dignore.endorsed.dirs=
10-Apr-2026 16:36:21.784 INFO [main] org.apache.catalina.startup.VersionLoggerListener.log Command line argument: -Dcatalina.base=d:\New folder\HRMS\tomcat
10-Apr-2026 16:36:21.784 INFO [main] org.apache.catalina.startup.VersionLoggerListener.log Command line argument: -Dcatalina.home=d:\New folder\HRMS\tomcat
10-Apr-2026 16:36:21.786 INFO [main] org.apache.catalina.startup.VersionLoggerListener.log Command line argument: -Djava.io.tmpdir=d:\New folder\HRMS\tomcat\temp
10-Apr-2026 16:36:21.796 INFO [main] org.apache.catalina.core.AprLifecycleListener.lifecycleEvent The Apache Tomcat Native library which allows using OpenSSL was not found on the java.library.path: [C:\Program Files\Java\jdk-24\bin;C:\WINDOWS\Sun\Java\bin;C:\WINDOWS\system32;C:\WINDOWS;C:\Program Files\Common Files\Oracle\Java\javapath;C:\WINDOWS\system32;C:\WINDOWS;C:\WINDOWS\System32\Wbem;C:\WINDOWS\System32\WindowsPowerShell\v1.0\;C:\WINDOWS\System32\OpenSSH\;C:\Users\Admin\AppData\Local\Programs\Python\Python311\Scripts;C:\Users\Admin\AppData\Local\Programs\Python\Python311\Lib;C:\Program Files\Java\jdk-24\bin;C:\Program Files\Git\cmd;C:\Users\Admin\AppData\Local\Programs\Python\Python39\Scripts\;C:\Users\Admin\AppData\Local\Programs\Python\Python39\;C:\Users\Admin\AppData\Local\Programs\Python\Python311\Scripts;C:\Users\Admin\AppData\Local\Programs\Python\Python311\;C:\Users\Admin\AppData\Local\Microsoft\WindowsApps;C:\Program Files\Java\jdk-24\bin;C:\Users\Admin\AppData\Local\Programs\Python\Python311\Lib;C:\Users\Admin\AppData\Local\Programs\Microsoft VS Code\bin;C:\Users\Admin\AppData\Local\Programs\Antigravity\bin;.]
10-Apr-2026 16:36:22.399 INFO [main] org.apache.coyote.AbstractProtocol.init Initializing ProtocolHandler ["http-nio-8085"]
10-Apr-2026 16:36:22.440 INFO [main] org.apache.catalina.startup.Catalina.load Server initialization in [1007] milliseconds
10-Apr-2026 16:36:22.516 INFO [main] org.apache.catalina.core.StandardService.startInternal Starting service [Catalina]
10-Apr-2026 16:36:22.517 INFO [main] org.apache.catalina.core.StandardEngine.startInternal Starting Servlet engine: [Apache Tomcat/9.0.98]
10-Apr-2026 16:36:22.532 INFO [main] org.apache.catalina.startup.HostConfig.deployDirectory Deploying web application directory [D:\New folder\HRMS\tomcat\webapps\docs]
10-Apr-2026 16:36:23.022 INFO [main] org.apache.catalina.startup.HostConfig.deployDirectory Deployment of web application directory [D:\New folder\HRMS\tomcat\webapps\docs] has finished in [489] ms
10-Apr-2026 16:36:23.023 INFO [main] org.apache.catalina.startup.HostConfig.deployDirectory Deploying web application directory [D:\New folder\HRMS\tomcat\webapps\examples]
10-Apr-2026 16:36:23.482 INFO [main] org.apache.catalina.startup.HostConfig.deployDirectory Deployment of web application directory [D:\New folder\HRMS\tomcat\webapps\examples] has finished in [458] ms
10-Apr-2026 16:36:23.482 INFO [main] org.apache.catalina.startup.HostConfig.deployDirectory Deploying web application directory [D:\New folder\HRMS\tomcat\webapps\host-manager]
10-Apr-2026 16:36:23.535 INFO [main] org.apache.catalina.startup.HostConfig.deployDirectory Deployment of web application directory [D:\New folder\HRMS\tomcat\webapps\host-manager] has finished in [53] ms
10-Apr-2026 16:36:23.535 INFO [main] org.apache.catalina.startup.HostConfig.deployDirectory Deploying web application directory [D:\New folder\HRMS\tomcat\webapps\HRMS]
10-Apr-2026 16:36:23.737 INFO [main] org.apache.jasper.servlet.TldScanner.scanJars At least one JAR was scanned for TLDs yet contained no TLDs. Enable debug logging for this logger for a complete list of JARs that were scanned but no TLDs were found in them. Skipping unneeded JARs during scanning can improve startup time and JSP compilation time.
10-Apr-2026 16:36:23.750 INFO [main] org.apache.catalina.startup.HostConfig.deployDirectory Deployment of web application directory [D:\New folder\HRMS\tomcat\webapps\HRMS] has finished in [215] ms
10-Apr-2026 16:36:23.751 INFO [main] org.apache.catalina.startup.HostConfig.deployDirectory Deploying web application directory [D:\New folder\HRMS\tomcat\webapps\manager]
10-Apr-2026 16:36:23.808 INFO [main] org.apache.catalina.startup.HostConfig.deployDirectory Deployment of web application directory [D:\New folder\HRMS\tomcat\webapps\manager] has finished in [57] ms
10-Apr-2026 16:36:23.808 INFO [main] org.apache.catalina.startup.HostConfig.deployDirectory Deploying web application directory [D:\New folder\HRMS\tomcat\webapps\ROOT]
10-Apr-2026 16:36:23.841 INFO [main] org.apache.catalina.startup.HostConfig.deployDirectory Deployment of web application directory [D:\New folder\HRMS\tomcat\webapps\ROOT] has finished in [33] ms
10-Apr-2026 16:36:23.848 INFO [main] org.apache.coyote.AbstractProtocol.start Starting ProtocolHandler ["http-nio-8085"]
10-Apr-2026 16:36:23.884 INFO [main] org.apache.catalina.startup.Catalina.start Server startup in [1440] milliseconds
10-Apr-2026 16:37:34.306 INFO [main] org.apache.catalina.startup.VersionLoggerListener.log Server version name:   Apache Tomcat/9.0.98
10-Apr-2026 16:37:34.318 INFO [main] org.apache.catalina.startup.VersionLoggerListener.log Server built:          Dec 5 2024 19:50:29 UTC
10-Apr-2026 16:37:34.322 INFO [main] org.apache.catalina.startup.VersionLoggerListener.log Server version number: 9.0.98.0
10-Apr-2026 16:37:34.323 INFO [main] org.apache.catalina.startup.VersionLoggerListener.log OS Name:               Windows 11
10-Apr-2026 16:37:34.323 INFO [main] org.apache.catalina.startup.VersionLoggerListener.log OS Version:            10.0
10-Apr-2026 16:37:34.323 INFO [main] org.apache.catalina.startup.VersionLoggerListener.log Architecture:          amd64
10-Apr-2026 16:37:34.323 INFO [main] org.apache.catalina.startup.VersionLoggerListener.log Java Home:             C:\Program Files\Java\jdk-24
10-Apr-2026 16:37:34.323 INFO [main] org.apache.catalina.startup.VersionLoggerListener.log JVM Version:           24.0.2+12-54
10-Apr-2026 16:37:34.323 INFO [main] org.apache.catalina.startup.VersionLoggerListener.log JVM Vendor:            Oracle Corporation
10-Apr-2026 16:37:34.324 INFO [main] org.apache.catalina.startup.VersionLoggerListener.log CATALINA_BASE:         D:\New folder\HRMS\tomcat
10-Apr-2026 16:37:34.324 INFO [main] org.apache.catalina.startup.VersionLoggerListener.log CATALINA_HOME:         D:\New folder\HRMS\tomcat
10-Apr-2026 16:37:34.342 INFO [main] org.apache.catalina.startup.VersionLoggerListener.log Command line argument: --add-opens=java.base/java.lang=ALL-UNNAMED
10-Apr-2026 16:37:34.342 INFO [main] org.apache.catalina.startup.VersionLoggerListener.log Command line argument: --add-opens=java.base/java.io=ALL-UNNAMED
10-Apr-2026 16:37:34.342 INFO [main] org.apache.catalina.startup.VersionLoggerListener.log Command line argument: --add-opens=java.base/java.util=ALL-UNNAMED
10-Apr-2026 16:37:34.342 INFO [main] org.apache.catalina.startup.VersionLoggerListener.log Command line argument: --add-opens=java.base/java.util.concurrent=ALL-UNNAMED
10-Apr-2026 16:37:34.343 INFO [main] org.apache.catalina.startup.VersionLoggerListener.log Command line argument: --add-opens=java.rmi/sun.rmi.transport=ALL-UNNAMED
10-Apr-2026 16:37:34.343 INFO [main] org.apache.catalina.startup.VersionLoggerListener.log Command line argument: -Djava.util.logging.config.file=D:\New folder\HRMS\tomcat\conf\logging.properties
10-Apr-2026 16:37:34.343 INFO [main] org.apache.catalina.startup.VersionLoggerListener.log Command line argument: -Djava.util.logging.manager=org.apache.juli.ClassLoaderLogManager
10-Apr-2026 16:37:34.343 INFO [main] org.apache.catalina.startup.VersionLoggerListener.log Command line argument: -Djdk.tls.ephemeralDHKeySize=2048
10-Apr-2026 16:37:34.343 INFO [main] org.apache.catalina.startup.VersionLoggerListener.log Command line argument: -Djava.protocol.handler.pkgs=org.apache.catalina.webresources
10-Apr-2026 16:37:34.344 INFO [main] org.apache.catalina.startup.VersionLoggerListener.log Command line argument: -Dignore.endorsed.dirs=
10-Apr-2026 16:37:34.344 INFO [main] org.apache.catalina.startup.VersionLoggerListener.log Command line argument: -Dcatalina.base=D:\New folder\HRMS\tomcat
10-Apr-2026 16:37:34.345 INFO [main] org.apache.catalina.startup.VersionLoggerListener.log Command line argument: -Dcatalina.home=D:\New folder\HRMS\tomcat
10-Apr-2026 16:37:34.345 INFO [main] org.apache.catalina.startup.VersionLoggerListener.log Command line argument: -Djava.io.tmpdir=D:\New folder\HRMS\tomcat\temp
10-Apr-2026 16:37:34.384 INFO [main] org.apache.catalina.core.AprLifecycleListener.lifecycleEvent The Apache Tomcat Native library which allows using OpenSSL was not found on the java.library.path: [C:\Program Files\Java\jdk-24\bin;C:\WINDOWS\Sun\Java\bin;C:\WINDOWS\system32;C:\WINDOWS;C:\Program Files\Common Files\Oracle\Java\javapath;C:\WINDOWS\system32;C:\WINDOWS;C:\WINDOWS\System32\Wbem;C:\WINDOWS\System32\WindowsPowerShell\v1.0\;C:\WINDOWS\System32\OpenSSH\;C:\Users\Admin\AppData\Local\Programs\Python\Python311\Scripts;C:\Users\Admin\AppData\Local\Programs\Python\Python311\Lib;C:\Program Files\Java\jdk-24\bin;C:\Program Files\Git\cmd;C:\Users\Admin\AppData\Local\Programs\Python\Python39\Scripts\;C:\Users\Admin\AppData\Local\Programs\Python\Python39\;C:\Users\Admin\AppData\Local\Programs\Python\Python311\Scripts;C:\Users\Admin\AppData\Local\Programs\Python\Python311\;C:\Users\Admin\AppData\Local\Microsoft\WindowsApps;C:\Program Files\Java\jdk-24\bin;C:\Users\Admin\AppData\Local\Programs\Python\Python311\Lib;C:\Users\Admin\AppData\Local\Programs\Microsoft VS Code\bin;C:\Users\Admin\AppData\Local\Programs\Antigravity\bin;.]
10-Apr-2026 16:37:35.315 INFO [main] org.apache.coyote.AbstractProtocol.init Initializing ProtocolHandler ["http-nio-8085"]
10-Apr-2026 16:37:35.379 INFO [main] org.apache.catalina.startup.Catalina.load Server initialization in [1638] milliseconds
10-Apr-2026 16:37:35.527 INFO [main] org.apache.catalina.core.StandardService.startInternal Starting service [Catalina]
10-Apr-2026 16:37:35.528 INFO [main] org.apache.catalina.core.StandardEngine.startInternal Starting Servlet engine: [Apache Tomcat/9.0.98]
10-Apr-2026 16:37:35.548 INFO [main] org.apache.catalina.startup.HostConfig.deployDirectory Deploying web application directory [D:\New folder\HRMS\tomcat\webapps\docs]
10-Apr-2026 16:37:36.362 INFO [main] org.apache.catalina.startup.HostConfig.deployDirectory Deployment of web application directory [D:\New folder\HRMS\tomcat\webapps\docs] has finished in [807] ms
10-Apr-2026 16:37:36.363 INFO [main] org.apache.catalina.startup.HostConfig.deployDirectory Deploying web application directory [D:\New folder\HRMS\tomcat\webapps\examples]
10-Apr-2026 16:37:37.496 INFO [main] org.apache.catalina.startup.HostConfig.deployDirectory Deployment of web application directory [D:\New folder\HRMS\tomcat\webapps\examples] has finished in [1,132] ms
10-Apr-2026 16:37:37.498 INFO [main] org.apache.catalina.startup.HostConfig.deployDirectory Deploying web application directory [D:\New folder\HRMS\tomcat\webapps\host-manager]
10-Apr-2026 16:37:37.716 INFO [main] org.apache.catalina.startup.HostConfig.deployDirectory Deployment of web application directory [D:\New folder\HRMS\tomcat\webapps\host-manager] has finished in [219] ms
10-Apr-2026 16:37:37.717 INFO [main] org.apache.catalina.startup.HostConfig.deployDirectory Deploying web application directory [D:\New folder\HRMS\tomcat\webapps\HRMS]
10-Apr-2026 16:37:38.360 INFO [main] org.apache.jasper.servlet.TldScanner.scanJars At least one JAR was scanned for TLDs yet contained no TLDs. Enable debug logging for this logger for a complete list of JARs that were scanned but no TLDs were found in them. Skipping unneeded JARs during scanning can improve startup time and JSP compilation time.
10-Apr-2026 16:37:38.400 INFO [main] org.apache.catalina.startup.HostConfig.deployDirectory Deployment of web application directory [D:\New folder\HRMS\tomcat\webapps\HRMS] has finished in [683] ms
10-Apr-2026 16:37:38.404 INFO [main] org.apache.catalina.startup.HostConfig.deployDirectory Deploying web application directory [D:\New folder\HRMS\tomcat\webapps\manager]
10-Apr-2026 16:37:38.666 INFO [main] org.apache.catalina.startup.HostConfig.deployDirectory Deployment of web application directory [D:\New folder\HRMS\tomcat\webapps\manager] has finished in [262] ms
10-Apr-2026 16:37:38.667 INFO [main] org.apache.catalina.startup.HostConfig.deployDirectory Deploying web application directory [D:\New folder\HRMS\tomcat\webapps\ROOT]
10-Apr-2026 16:37:38.868 INFO [main] org.apache.catalina.startup.HostConfig.deployDirectory Deployment of web application directory [D:\New folder\HRMS\tomcat\webapps\ROOT] has finished in [200] ms
10-Apr-2026 16:37:38.897 INFO [main] org.apache.coyote.AbstractProtocol.start Starting ProtocolHandler ["http-nio-8085"]
10-Apr-2026 16:37:38.999 INFO [main] org.apache.catalina.startup.Catalina.start Server startup in [3613] milliseconds
10-Apr-2026 16:46:43.144 INFO [main] org.apache.catalina.startup.VersionLoggerListener.log Server version name:   Apache Tomcat/9.0.98
10-Apr-2026 16:46:43.151 INFO [main] org.apache.catalina.startup.VersionLoggerListener.log Server built:          Dec 5 2024 19:50:29 UTC
10-Apr-2026 16:46:43.152 INFO [main] org.apache.catalina.startup.VersionLoggerListener.log Server version number: 9.0.98.0
10-Apr-2026 16:46:43.152 INFO [main] org.apache.catalina.startup.VersionLoggerListener.log OS Name:               Windows 11
10-Apr-2026 16:46:43.152 INFO [main] org.apache.catalina.startup.VersionLoggerListener.log OS Version:            10.0
10-Apr-2026 16:46:43.152 INFO [main] org.apache.catalina.startup.VersionLoggerListener.log Architecture:          amd64
10-Apr-2026 16:46:43.153 INFO [main] org.apache.catalina.startup.VersionLoggerListener.log Java Home:             C:\Program Files\Java\jdk-24
10-Apr-2026 16:46:43.153 INFO [main] org.apache.catalina.startup.VersionLoggerListener.log JVM Version:           24.0.2+12-54
10-Apr-2026 16:46:43.153 INFO [main] org.apache.catalina.startup.VersionLoggerListener.log JVM Vendor:            Oracle Corporation
10-Apr-2026 16:46:43.154 INFO [main] org.apache.catalina.startup.VersionLoggerListener.log CATALINA_BASE:         D:\New folder\HRMS\tomcat
10-Apr-2026 16:46:43.154 INFO [main] org.apache.catalina.startup.VersionLoggerListener.log CATALINA_HOME:         D:\New folder\HRMS\tomcat
10-Apr-2026 16:46:43.189 INFO [main] org.apache.catalina.startup.VersionLoggerListener.log Command line argument: --add-opens=java.base/java.lang=ALL-UNNAMED
10-Apr-2026 16:46:43.189 INFO [main] org.apache.catalina.startup.VersionLoggerListener.log Command line argument: --add-opens=java.base/java.io=ALL-UNNAMED
10-Apr-2026 16:46:43.190 INFO [main] org.apache.catalina.startup.VersionLoggerListener.log Command line argument: --add-opens=java.base/java.util=ALL-UNNAMED
10-Apr-2026 16:46:43.190 INFO [main] org.apache.catalina.startup.VersionLoggerListener.log Command line argument: --add-opens=java.base/java.util.concurrent=ALL-UNNAMED
10-Apr-2026 16:46:43.190 INFO [main] org.apache.catalina.startup.VersionLoggerListener.log Command line argument: --add-opens=java.rmi/sun.rmi.transport=ALL-UNNAMED
10-Apr-2026 16:46:43.190 INFO [main] org.apache.catalina.startup.VersionLoggerListener.log Command line argument: -Djava.util.logging.config.file=D:\New folder\HRMS\tomcat\conf\logging.properties
10-Apr-2026 16:46:43.191 INFO [main] org.apache.catalina.startup.VersionLoggerListener.log Command line argument: -Djava.util.logging.manager=org.apache.juli.ClassLoaderLogManager
10-Apr-2026 16:46:43.191 INFO [main] org.apache.catalina.startup.VersionLoggerListener.log Command line argument: -Djdk.tls.ephemeralDHKeySize=2048
10-Apr-2026 16:46:43.192 INFO [main] org.apache.catalina.startup.VersionLoggerListener.log Command line argument: -Djava.protocol.handler.pkgs=org.apache.catalina.webresources
10-Apr-2026 16:46:43.193 INFO [main] org.apache.catalina.startup.VersionLoggerListener.log Command line argument: -Dignore.endorsed.dirs=
10-Apr-2026 16:46:43.194 INFO [main] org.apache.catalina.startup.VersionLoggerListener.log Command line argument: -Dcatalina.base=D:\New folder\HRMS\tomcat
10-Apr-2026 16:46:43.194 INFO [main] org.apache.catalina.startup.VersionLoggerListener.log Command line argument: -Dcatalina.home=D:\New folder\HRMS\tomcat
10-Apr-2026 16:46:43.194 INFO [main] org.apache.catalina.startup.VersionLoggerListener.log Command line argument: -Djava.io.tmpdir=D:\New folder\HRMS\tomcat\temp
10-Apr-2026 16:46:43.216 INFO [main] org.apache.catalina.core.AprLifecycleListener.lifecycleEvent The Apache Tomcat Native library which allows using OpenSSL was not found on the java.library.path: [C:\Program Files\Java\jdk-24\bin;C:\WINDOWS\Sun\Java\bin;C:\WINDOWS\system32;C:\WINDOWS;C:\Program Files\Common Files\Oracle\Java\javapath;C:\WINDOWS\system32;C:\WINDOWS;C:\WINDOWS\System32\Wbem;C:\WINDOWS\System32\WindowsPowerShell\v1.0\;C:\WINDOWS\System32\OpenSSH\;C:\Users\Admin\AppData\Local\Programs\Python\Python311\Scripts;C:\Users\Admin\AppData\Local\Programs\Python\Python311\Lib;C:\Program Files\Java\jdk-24\bin;C:\Program Files\Git\cmd;C:\Users\Admin\AppData\Local\Programs\Python\Python39\Scripts\;C:\Users\Admin\AppData\Local\Programs\Python\Python39\;C:\Users\Admin\AppData\Local\Programs\Python\Python311\Scripts;C:\Users\Admin\AppData\Local\Programs\Python\Python311\;C:\Users\Admin\AppData\Local\Microsoft\WindowsApps;C:\Program Files\Java\jdk-24\bin;C:\Users\Admin\AppData\Local\Programs\Python\Python311\Lib;C:\Users\Admin\AppData\Local\Programs\Microsoft VS Code\bin;C:\Users\Admin\AppData\Local\Programs\Antigravity\bin;.]
10-Apr-2026 16:46:44.517 INFO [main] org.apache.coyote.AbstractProtocol.init Initializing ProtocolHandler ["http-nio-8085"]
10-Apr-2026 16:46:44.595 INFO [main] org.apache.catalina.startup.Catalina.load Server initialization in [1963] milliseconds
10-Apr-2026 16:46:44.733 INFO [main] org.apache.catalina.core.StandardService.startInternal Starting service [Catalina]
10-Apr-2026 16:46:44.734 INFO [main] org.apache.catalina.core.StandardEngine.startInternal Starting Servlet engine: [Apache Tomcat/9.0.98]
10-Apr-2026 16:46:44.757 INFO [main] org.apache.catalina.startup.HostConfig.deployDirectory Deploying web application directory [D:\New folder\HRMS\tomcat\webapps\docs]
10-Apr-2026 16:46:45.716 INFO [main] org.apache.catalina.startup.HostConfig.deployDirectory Deployment of web application directory [D:\New folder\HRMS\tomcat\webapps\docs] has finished in [956] ms
10-Apr-2026 16:46:45.717 INFO [main] org.apache.catalina.startup.HostConfig.deployDirectory Deploying web application directory [D:\New folder\HRMS\tomcat\webapps\examples]
10-Apr-2026 16:46:46.809 INFO [main] org.apache.catalina.startup.HostConfig.deployDirectory Deployment of web application directory [D:\New folder\HRMS\tomcat\webapps\examples] has finished in [1,091] ms
10-Apr-2026 16:46:46.811 INFO [main] org.apache.catalina.startup.HostConfig.deployDirectory Deploying web application directory [D:\New folder\HRMS\tomcat\webapps\host-manager]
10-Apr-2026 16:46:46.974 INFO [main] org.apache.catalina.startup.HostConfig.deployDirectory Deployment of web application directory [D:\New folder\HRMS\tomcat\webapps\host-manager] has finished in [163] ms
10-Apr-2026 16:46:46.976 INFO [main] org.apache.catalina.startup.HostConfig.deployDirectory Deploying web application directory [D:\New folder\HRMS\tomcat\webapps\HRMS]
10-Apr-2026 16:46:47.694 INFO [main] org.apache.jasper.servlet.TldScanner.scanJars At least one JAR was scanned for TLDs yet contained no TLDs. Enable debug logging for this logger for a complete list of JARs that were scanned but no TLDs were found in them. Skipping unneeded JARs during scanning can improve startup time and JSP compilation time.
10-Apr-2026 16:46:47.717 INFO [main] org.apache.catalina.startup.HostConfig.deployDirectory Deployment of web application directory [D:\New folder\HRMS\tomcat\webapps\HRMS] has finished in [742] ms
10-Apr-2026 16:46:47.718 INFO [main] org.apache.catalina.startup.HostConfig.deployDirectory Deploying web application directory [D:\New folder\HRMS\tomcat\webapps\manager]
10-Apr-2026 16:46:47.858 INFO [main] org.apache.catalina.startup.HostConfig.deployDirectory Deployment of web application directory [D:\New folder\HRMS\tomcat\webapps\manager] has finished in [140] ms
10-Apr-2026 16:46:47.865 INFO [main] org.apache.catalina.startup.HostConfig.deployDirectory Deploying web application directory [D:\New folder\HRMS\tomcat\webapps\ROOT]
10-Apr-2026 16:46:48.002 INFO [main] org.apache.catalina.startup.HostConfig.deployDirectory Deployment of web application directory [D:\New folder\HRMS\tomcat\webapps\ROOT] has finished in [139] ms
10-Apr-2026 16:46:48.014 INFO [main] org.apache.coyote.AbstractProtocol.start Starting ProtocolHandler ["http-nio-8085"]
10-Apr-2026 16:46:48.162 INFO [main] org.apache.catalina.startup.Catalina.start Server startup in [3563] milliseconds
10-Apr-2026 21:03:32.545 INFO [main] org.apache.catalina.startup.VersionLoggerListener.log Server version name:   Apache Tomcat/9.0.98
10-Apr-2026 21:03:32.550 INFO [main] org.apache.catalina.startup.VersionLoggerListener.log Server built:          Dec 5 2024 19:50:29 UTC
10-Apr-2026 21:03:32.551 INFO [main] org.apache.catalina.startup.VersionLoggerListener.log Server version number: 9.0.98.0
10-Apr-2026 21:03:32.551 INFO [main] org.apache.catalina.startup.VersionLoggerListener.log OS Name:               Windows 11
10-Apr-2026 21:03:32.552 INFO [main] org.apache.catalina.startup.VersionLoggerListener.log OS Version:            10.0
10-Apr-2026 21:03:32.552 INFO [main] org.apache.catalina.startup.VersionLoggerListener.log Architecture:          amd64
10-Apr-2026 21:03:32.553 INFO [main] org.apache.catalina.startup.VersionLoggerListener.log Java Home:             C:\Program Files\Java\jdk-24
10-Apr-2026 21:03:32.553 INFO [main] org.apache.catalina.startup.VersionLoggerListener.log JVM Version:           24.0.2+12-54
10-Apr-2026 21:03:32.554 INFO [main] org.apache.catalina.startup.VersionLoggerListener.log JVM Vendor:            Oracle Corporation
10-Apr-2026 21:03:32.555 INFO [main] org.apache.catalina.startup.VersionLoggerListener.log CATALINA_BASE:         D:\New folder\HRMS\tomcat
10-Apr-2026 21:03:32.555 INFO [main] org.apache.catalina.startup.VersionLoggerListener.log CATALINA_HOME:         D:\New folder\HRMS\tomcat
10-Apr-2026 21:03:32.594 INFO [main] org.apache.catalina.startup.VersionLoggerListener.log Command line argument: --add-opens=java.base/java.lang=ALL-UNNAMED
10-Apr-2026 21:03:32.594 INFO [main] org.apache.catalina.startup.VersionLoggerListener.log Command line argument: --add-opens=java.base/java.io=ALL-UNNAMED
10-Apr-2026 21:03:32.594 INFO [main] org.apache.catalina.startup.VersionLoggerListener.log Command line argument: --add-opens=java.base/java.util=ALL-UNNAMED
10-Apr-2026 21:03:32.595 INFO [main] org.apache.catalina.startup.VersionLoggerListener.log Command line argument: --add-opens=java.base/java.util.concurrent=ALL-UNNAMED
10-Apr-2026 21:03:32.595 INFO [main] org.apache.catalina.startup.VersionLoggerListener.log Command line argument: --add-opens=java.rmi/sun.rmi.transport=ALL-UNNAMED
10-Apr-2026 21:03:32.595 INFO [main] org.apache.catalina.startup.VersionLoggerListener.log Command line argument: -Djava.util.logging.config.file=D:\New folder\HRMS\tomcat\conf\logging.properties
10-Apr-2026 21:03:32.596 INFO [main] org.apache.catalina.startup.VersionLoggerListener.log Command line argument: -Djava.util.logging.manager=org.apache.juli.ClassLoaderLogManager
10-Apr-2026 21:03:32.596 INFO [main] org.apache.catalina.startup.VersionLoggerListener.log Command line argument: -Djdk.tls.ephemeralDHKeySize=2048
10-Apr-2026 21:03:32.596 INFO [main] org.apache.catalina.startup.VersionLoggerListener.log Command line argument: -Djava.protocol.handler.pkgs=org.apache.catalina.webresources
10-Apr-2026 21:03:32.596 INFO [main] org.apache.catalina.startup.VersionLoggerListener.log Command line argument: -Dignore.endorsed.dirs=
10-Apr-2026 21:03:32.597 INFO [main] org.apache.catalina.startup.VersionLoggerListener.log Command line argument: -Dcatalina.base=D:\New folder\HRMS\tomcat
10-Apr-2026 21:03:32.597 INFO [main] org.apache.catalina.startup.VersionLoggerListener.log Command line argument: -Dcatalina.home=D:\New folder\HRMS\tomcat
10-Apr-2026 21:03:32.598 INFO [main] org.apache.catalina.startup.VersionLoggerListener.log Command line argument: -Djava.io.tmpdir=D:\New folder\HRMS\tomcat\temp
10-Apr-2026 21:03:32.616 INFO [main] org.apache.catalina.core.AprLifecycleListener.lifecycleEvent The Apache Tomcat Native library which allows using OpenSSL was not found on the java.library.path: [C:\Program Files\Java\jdk-24\bin;C:\WINDOWS\Sun\Java\bin;C:\WINDOWS\system32;C:\WINDOWS;C:\Program Files\Common Files\Oracle\Java\javapath;C:\WINDOWS\system32;C:\WINDOWS;C:\WINDOWS\System32\Wbem;C:\WINDOWS\System32\WindowsPowerShell\v1.0\;C:\WINDOWS\System32\OpenSSH\;C:\Users\Admin\AppData\Local\Programs\Python\Python311\Scripts;C:\Users\Admin\AppData\Local\Programs\Python\Python311\Lib;C:\Program Files\Java\jdk-24\bin;C:\Program Files\Git\cmd;C:\Users\Admin\AppData\Local\Programs\Python\Python39\Scripts\;C:\Users\Admin\AppData\Local\Programs\Python\Python39\;C:\Users\Admin\AppData\Local\Programs\Python\Python311\Scripts;C:\Users\Admin\AppData\Local\Programs\Python\Python311\;C:\Users\Admin\AppData\Local\Microsoft\WindowsApps;C:\Program Files\Java\jdk-24\bin;C:\Users\Admin\AppData\Local\Programs\Python\Python311\Lib;C:\Users\Admin\AppData\Local\Programs\Microsoft VS Code\bin;C:\Users\Admin\AppData\Local\Programs\Antigravity\bin;.]
10-Apr-2026 21:03:33.273 INFO [main] org.apache.coyote.AbstractProtocol.init Initializing ProtocolHandler ["http-nio-8085"]
10-Apr-2026 21:03:33.315 INFO [main] org.apache.catalina.startup.Catalina.load Server initialization in [1171] milliseconds
10-Apr-2026 21:03:33.408 INFO [main] org.apache.catalina.core.StandardService.startInternal Starting service [Catalina]
10-Apr-2026 21:03:33.408 INFO [main] org.apache.catalina.core.StandardEngine.startInternal Starting Servlet engine: [Apache Tomcat/9.0.98]
10-Apr-2026 21:03:33.419 INFO [main] org.apache.catalina.startup.HostConfig.deployDirectory Deploying web application directory [D:\New folder\HRMS\tomcat\webapps\docs]
10-Apr-2026 21:03:34.123 INFO [main] org.apache.catalina.startup.HostConfig.deployDirectory Deployment of web application directory [D:\New folder\HRMS\tomcat\webapps\docs] has finished in [701] ms
10-Apr-2026 21:03:34.123 INFO [main] org.apache.catalina.startup.HostConfig.deployDirectory Deploying web application directory [D:\New folder\HRMS\tomcat\webapps\examples]
10-Apr-2026 21:03:35.280 INFO [main] org.apache.catalina.startup.HostConfig.deployDirectory Deployment of web application directory [D:\New folder\HRMS\tomcat\webapps\examples] has finished in [1,156] ms
10-Apr-2026 21:03:35.281 INFO [main] org.apache.catalina.startup.HostConfig.deployDirectory Deploying web application directory [D:\New folder\HRMS\tomcat\webapps\host-manager]
10-Apr-2026 21:03:35.332 INFO [main] org.apache.catalina.startup.HostConfig.deployDirectory Deployment of web application directory [D:\New folder\HRMS\tomcat\webapps\host-manager] has finished in [52] ms
10-Apr-2026 21:03:35.333 INFO [main] org.apache.catalina.startup.HostConfig.deployDirectory Deploying web application directory [D:\New folder\HRMS\tomcat\webapps\HRMS]
10-Apr-2026 21:03:36.155 INFO [main] org.apache.jasper.servlet.TldScanner.scanJars At least one JAR was scanned for TLDs yet contained no TLDs. Enable debug logging for this logger for a complete list of JARs that were scanned but no TLDs were found in them. Skipping unneeded JARs during scanning can improve startup time and JSP compilation time.
10-Apr-2026 21:03:36.168 INFO [main] org.apache.catalina.startup.HostConfig.deployDirectory Deployment of web application directory [D:\New folder\HRMS\tomcat\webapps\HRMS] has finished in [835] ms
10-Apr-2026 21:03:36.169 INFO [main] org.apache.catalina.startup.HostConfig.deployDirectory Deploying web application directory [D:\New folder\HRMS\tomcat\webapps\manager]
10-Apr-2026 21:03:36.261 INFO [main] org.apache.catalina.startup.HostConfig.deployDirectory Deployment of web application directory [D:\New folder\HRMS\tomcat\webapps\manager] has finished in [92] ms
10-Apr-2026 21:03:36.262 INFO [main] org.apache.catalina.startup.HostConfig.deployDirectory Deploying web application directory [D:\New folder\HRMS\tomcat\webapps\ROOT]
10-Apr-2026 21:03:36.380 INFO [main] org.apache.catalina.startup.HostConfig.deployDirectory Deployment of web application directory [D:\New folder\HRMS\tomcat\webapps\ROOT] has finished in [119] ms
10-Apr-2026 21:03:36.392 INFO [main] org.apache.coyote.AbstractProtocol.start Starting ProtocolHandler ["http-nio-8085"]
10-Apr-2026 21:03:36.430 INFO [main] org.apache.catalina.startup.Catalina.start Server startup in [3113] milliseconds
10-Apr-2026 21:18:13.484 INFO [main] org.apache.catalina.startup.VersionLoggerListener.log Server version name:   Apache Tomcat/9.0.98
10-Apr-2026 21:18:13.493 INFO [main] org.apache.catalina.startup.VersionLoggerListener.log Server built:          Dec 5 2024 19:50:29 UTC
10-Apr-2026 21:18:13.494 INFO [main] org.apache.catalina.startup.VersionLoggerListener.log Server version number: 9.0.98.0
10-Apr-2026 21:18:13.496 INFO [main] org.apache.catalina.startup.VersionLoggerListener.log OS Name:               Windows 11
10-Apr-2026 21:18:13.496 INFO [main] org.apache.catalina.startup.VersionLoggerListener.log OS Version:            10.0
10-Apr-2026 21:18:13.497 INFO [main] org.apache.catalina.startup.VersionLoggerListener.log Architecture:          amd64
10-Apr-2026 21:18:13.497 INFO [main] org.apache.catalina.startup.VersionLoggerListener.log Java Home:             C:\Program Files\Java\jdk-24
10-Apr-2026 21:18:13.498 INFO [main] org.apache.catalina.startup.VersionLoggerListener.log JVM Version:           24.0.2+12-54
10-Apr-2026 21:18:13.498 INFO [main] org.apache.catalina.startup.VersionLoggerListener.log JVM Vendor:            Oracle Corporation
10-Apr-2026 21:18:13.500 INFO [main] org.apache.catalina.startup.VersionLoggerListener.log CATALINA_BASE:         D:\New folder\HRMS\tomcat
10-Apr-2026 21:18:13.500 INFO [main] org.apache.catalina.startup.VersionLoggerListener.log CATALINA_HOME:         D:\New folder\HRMS\tomcat
10-Apr-2026 21:18:13.544 INFO [main] org.apache.catalina.startup.VersionLoggerListener.log Command line argument: --add-opens=java.base/java.lang=ALL-UNNAMED
10-Apr-2026 21:18:13.545 INFO [main] org.apache.catalina.startup.VersionLoggerListener.log Command line argument: --add-opens=java.base/java.io=ALL-UNNAMED
10-Apr-2026 21:18:13.545 INFO [main] org.apache.catalina.startup.VersionLoggerListener.log Command line argument: --add-opens=java.base/java.util=ALL-UNNAMED
10-Apr-2026 21:18:13.546 INFO [main] org.apache.catalina.startup.VersionLoggerListener.log Command line argument: --add-opens=java.base/java.util.concurrent=ALL-UNNAMED
10-Apr-2026 21:18:13.546 INFO [main] org.apache.catalina.startup.VersionLoggerListener.log Command line argument: --add-opens=java.rmi/sun.rmi.transport=ALL-UNNAMED
10-Apr-2026 21:18:13.547 INFO [main] org.apache.catalina.startup.VersionLoggerListener.log Command line argument: -Djava.util.logging.config.file=D:\New folder\HRMS\tomcat\conf\logging.properties
10-Apr-2026 21:18:13.547 INFO [main] org.apache.catalina.startup.VersionLoggerListener.log Command line argument: -Djava.util.logging.manager=org.apache.juli.ClassLoaderLogManager
10-Apr-2026 21:18:13.548 INFO [main] org.apache.catalina.startup.VersionLoggerListener.log Command line argument: -Djdk.tls.ephemeralDHKeySize=2048
10-Apr-2026 21:18:13.548 INFO [main] org.apache.catalina.startup.VersionLoggerListener.log Command line argument: -Djava.protocol.handler.pkgs=org.apache.catalina.webresources
10-Apr-2026 21:18:13.549 INFO [main] org.apache.catalina.startup.VersionLoggerListener.log Command line argument: -Dignore.endorsed.dirs=
10-Apr-2026 21:18:13.549 INFO [main] org.apache.catalina.startup.VersionLoggerListener.log Command line argument: -Dcatalina.base=D:\New folder\HRMS\tomcat
10-Apr-2026 21:18:13.550 INFO [main] org.apache.catalina.startup.VersionLoggerListener.log Command line argument: -Dcatalina.home=D:\New folder\HRMS\tomcat
10-Apr-2026 21:18:13.551 INFO [main] org.apache.catalina.startup.VersionLoggerListener.log Command line argument: -Djava.io.tmpdir=D:\New folder\HRMS\tomcat\temp
10-Apr-2026 21:18:13.585 INFO [main] org.apache.catalina.core.AprLifecycleListener.lifecycleEvent The Apache Tomcat Native library which allows using OpenSSL was not found on the java.library.path: [C:\Program Files\Java\jdk-24\bin;C:\WINDOWS\Sun\Java\bin;C:\WINDOWS\system32;C:\WINDOWS;C:\Program Files\Common Files\Oracle\Java\javapath;C:\WINDOWS\system32;C:\WINDOWS;C:\WINDOWS\System32\Wbem;C:\WINDOWS\System32\WindowsPowerShell\v1.0\;C:\WINDOWS\System32\OpenSSH\;C:\Users\Admin\AppData\Local\Programs\Python\Python311\Scripts;C:\Users\Admin\AppData\Local\Programs\Python\Python311\Lib;C:\Program Files\Java\jdk-24\bin;C:\Program Files\Git\cmd;C:\Users\Admin\AppData\Local\Programs\Python\Python39\Scripts\;C:\Users\Admin\AppData\Local\Programs\Python\Python39\;C:\Users\Admin\AppData\Local\Programs\Python\Python311\Scripts;C:\Users\Admin\AppData\Local\Programs\Python\Python311\;C:\Users\Admin\AppData\Local\Microsoft\WindowsApps;C:\Program Files\Java\jdk-24\bin;C:\Users\Admin\AppData\Local\Programs\Python\Python311\Lib;C:\Users\Admin\AppData\Local\Programs\Microsoft VS Code\bin;C:\Users\Admin\AppData\Local\Programs\Antigravity\bin;.]
10-Apr-2026 21:18:14.447 INFO [main] org.apache.coyote.AbstractProtocol.init Initializing ProtocolHandler ["http-nio-8085"]
10-Apr-2026 21:18:14.489 INFO [main] org.apache.catalina.startup.Catalina.load Server initialization in [1868] milliseconds
10-Apr-2026 21:18:14.584 INFO [main] org.apache.catalina.core.StandardService.startInternal Starting service [Catalina]
10-Apr-2026 21:18:14.584 INFO [main] org.apache.catalina.core.StandardEngine.startInternal Starting Servlet engine: [Apache Tomcat/9.0.98]
10-Apr-2026 21:18:14.601 INFO [main] org.apache.catalina.startup.HostConfig.deployDirectory Deploying web application directory [D:\New folder\HRMS\tomcat\webapps\docs]
10-Apr-2026 21:18:15.266 INFO [main] org.apache.catalina.startup.HostConfig.deployDirectory Deployment of web application directory [D:\New folder\HRMS\tomcat\webapps\docs] has finished in [662] ms
10-Apr-2026 21:18:15.268 INFO [main] org.apache.catalina.startup.HostConfig.deployDirectory Deploying web application directory [D:\New folder\HRMS\tomcat\webapps\examples]
10-Apr-2026 21:18:16.129 INFO [main] org.apache.catalina.startup.HostConfig.deployDirectory Deployment of web application directory [D:\New folder\HRMS\tomcat\webapps\examples] has finished in [861] ms
10-Apr-2026 21:18:16.130 INFO [main] org.apache.catalina.startup.HostConfig.deployDirectory Deploying web application directory [D:\New folder\HRMS\tomcat\webapps\host-manager]
10-Apr-2026 21:18:16.202 INFO [main] org.apache.catalina.startup.HostConfig.deployDirectory Deployment of web application directory [D:\New folder\HRMS\tomcat\webapps\host-manager] has finished in [72] ms
10-Apr-2026 21:18:16.203 INFO [main] org.apache.catalina.startup.HostConfig.deployDirectory Deploying web application directory [D:\New folder\HRMS\tomcat\webapps\HRMS]
10-Apr-2026 21:18:17.222 INFO [main] org.apache.jasper.servlet.TldScanner.scanJars At least one JAR was scanned for TLDs yet contained no TLDs. Enable debug logging for this logger for a complete list of JARs that were scanned but no TLDs were found in them. Skipping unneeded JARs during scanning can improve startup time and JSP compilation time.
10-Apr-2026 21:18:17.248 INFO [main] org.apache.catalina.startup.HostConfig.deployDirectory Deployment of web application directory [D:\New folder\HRMS\tomcat\webapps\HRMS] has finished in [1,044] ms
10-Apr-2026 21:18:17.249 INFO [main] org.apache.catalina.startup.HostConfig.deployDirectory Deploying web application directory [D:\New folder\HRMS\tomcat\webapps\manager]
10-Apr-2026 21:18:17.317 INFO [main] org.apache.catalina.startup.HostConfig.deployDirectory Deployment of web application directory [D:\New folder\HRMS\tomcat\webapps\manager] has finished in [69] ms
10-Apr-2026 21:18:17.318 INFO [main] org.apache.catalina.startup.HostConfig.deployDirectory Deploying web application directory [D:\New folder\HRMS\tomcat\webapps\ROOT]
10-Apr-2026 21:18:17.361 INFO [main] org.apache.catalina.startup.HostConfig.deployDirectory Deployment of web application directory [D:\New folder\HRMS\tomcat\webapps\ROOT] has finished in [43] ms
10-Apr-2026 21:18:17.368 INFO [main] org.apache.coyote.AbstractProtocol.start Starting ProtocolHandler ["http-nio-8085"]
10-Apr-2026 21:18:17.418 INFO [main] org.apache.catalina.startup.Catalina.start Server startup in [2924] milliseconds
10-Apr-2026 21:32:59.855 INFO [main] org.apache.catalina.startup.VersionLoggerListener.log Server version name:   Apache Tomcat/9.0.98
10-Apr-2026 21:32:59.861 INFO [main] org.apache.catalina.startup.VersionLoggerListener.log Server built:          Dec 5 2024 19:50:29 UTC
10-Apr-2026 21:32:59.862 INFO [main] org.apache.catalina.startup.VersionLoggerListener.log Server version number: 9.0.98.0
10-Apr-2026 21:32:59.863 INFO [main] org.apache.catalina.startup.VersionLoggerListener.log OS Name:               Windows 11
10-Apr-2026 21:32:59.863 INFO [main] org.apache.catalina.startup.VersionLoggerListener.log OS Version:            10.0
10-Apr-2026 21:32:59.864 INFO [main] org.apache.catalina.startup.VersionLoggerListener.log Architecture:          amd64
10-Apr-2026 21:32:59.866 INFO [main] org.apache.catalina.startup.VersionLoggerListener.log Java Home:             C:\Program Files\Java\jdk-24
10-Apr-2026 21:32:59.866 INFO [main] org.apache.catalina.startup.VersionLoggerListener.log JVM Version:           24.0.2+12-54
10-Apr-2026 21:32:59.867 INFO [main] org.apache.catalina.startup.VersionLoggerListener.log JVM Vendor:            Oracle Corporation
10-Apr-2026 21:32:59.868 INFO [main] org.apache.catalina.startup.VersionLoggerListener.log CATALINA_BASE:         D:\New folder\HRMS\tomcat
10-Apr-2026 21:32:59.868 INFO [main] org.apache.catalina.startup.VersionLoggerListener.log CATALINA_HOME:         D:\New folder\HRMS\tomcat
10-Apr-2026 21:32:59.910 INFO [main] org.apache.catalina.startup.VersionLoggerListener.log Command line argument: --add-opens=java.base/java.lang=ALL-UNNAMED
10-Apr-2026 21:32:59.912 INFO [main] org.apache.catalina.startup.VersionLoggerListener.log Command line argument: --add-opens=java.base/java.io=ALL-UNNAMED
10-Apr-2026 21:32:59.913 INFO [main] org.apache.catalina.startup.VersionLoggerListener.log Command line argument: --add-opens=java.base/java.util=ALL-UNNAMED
10-Apr-2026 21:32:59.914 INFO [main] org.apache.catalina.startup.VersionLoggerListener.log Command line argument: --add-opens=java.base/java.util.concurrent=ALL-UNNAMED
10-Apr-2026 21:32:59.915 INFO [main] org.apache.catalina.startup.VersionLoggerListener.log Command line argument: --add-opens=java.rmi/sun.rmi.transport=ALL-UNNAMED
10-Apr-2026 21:32:59.916 INFO [main] org.apache.catalina.startup.VersionLoggerListener.log Command line argument: -Djava.util.logging.config.file=D:\New folder\HRMS\tomcat\conf\logging.properties
10-Apr-2026 21:32:59.916 INFO [main] org.apache.catalina.startup.VersionLoggerListener.log Command line argument: -Djava.util.logging.manager=org.apache.juli.ClassLoaderLogManager
10-Apr-2026 21:32:59.918 INFO [main] org.apache.catalina.startup.VersionLoggerListener.log Command line argument: -Djdk.tls.ephemeralDHKeySize=2048
10-Apr-2026 21:32:59.919 INFO [main] org.apache.catalina.startup.VersionLoggerListener.log Command line argument: -Djava.protocol.handler.pkgs=org.apache.catalina.webresources
10-Apr-2026 21:32:59.920 INFO [main] org.apache.catalina.startup.VersionLoggerListener.log Command line argument: -Dignore.endorsed.dirs=
10-Apr-2026 21:32:59.920 INFO [main] org.apache.catalina.startup.VersionLoggerListener.log Command line argument: -Dcatalina.base=D:\New folder\HRMS\tomcat
10-Apr-2026 21:32:59.921 INFO [main] org.apache.catalina.startup.VersionLoggerListener.log Command line argument: -Dcatalina.home=D:\New folder\HRMS\tomcat
10-Apr-2026 21:32:59.921 INFO [main] org.apache.catalina.startup.VersionLoggerListener.log Command line argument: -Djava.io.tmpdir=D:\New folder\HRMS\tomcat\temp
10-Apr-2026 21:32:59.942 INFO [main] org.apache.catalina.core.AprLifecycleListener.lifecycleEvent The Apache Tomcat Native library which allows using OpenSSL was not found on the java.library.path: [C:\Program Files\Java\jdk-24\bin;C:\WINDOWS\Sun\Java\bin;C:\WINDOWS\system32;C:\WINDOWS;C:\Program Files\Common Files\Oracle\Java\javapath;C:\WINDOWS\system32;C:\WINDOWS;C:\WINDOWS\System32\Wbem;C:\WINDOWS\System32\WindowsPowerShell\v1.0\;C:\WINDOWS\System32\OpenSSH\;C:\Users\Admin\AppData\Local\Programs\Python\Python311\Scripts;C:\Users\Admin\AppData\Local\Programs\Python\Python311\Lib;C:\Program Files\Java\jdk-24\bin;C:\Program Files\Git\cmd;C:\Users\Admin\AppData\Local\Programs\Python\Python39\Scripts\;C:\Users\Admin\AppData\Local\Programs\Python\Python39\;C:\Users\Admin\AppData\Local\Programs\Python\Python311\Scripts;C:\Users\Admin\AppData\Local\Programs\Python\Python311\;C:\Users\Admin\AppData\Local\Microsoft\WindowsApps;C:\Program Files\Java\jdk-24\bin;C:\Users\Admin\AppData\Local\Programs\Python\Python311\Lib;C:\Users\Admin\AppData\Local\Programs\Microsoft VS Code\bin;C:\Users\Admin\AppData\Local\Programs\Antigravity\bin;.]
10-Apr-2026 21:33:01.357 INFO [main] org.apache.coyote.AbstractProtocol.init Initializing ProtocolHandler ["http-nio-8085"]
10-Apr-2026 21:33:01.501 INFO [main] org.apache.catalina.startup.Catalina.load Server initialization in [2270] milliseconds
10-Apr-2026 21:33:01.725 INFO [main] org.apache.catalina.core.StandardService.startInternal Starting service [Catalina]
10-Apr-2026 21:33:01.726 INFO [main] org.apache.catalina.core.StandardEngine.startInternal Starting Servlet engine: [Apache Tomcat/9.0.98]
10-Apr-2026 21:33:01.766 INFO [main] org.apache.catalina.startup.HostConfig.deployDirectory Deploying web application directory [D:\New folder\HRMS\tomcat\webapps\docs]
10-Apr-2026 21:33:02.790 INFO [main] org.apache.catalina.startup.HostConfig.deployDirectory Deployment of web application directory [D:\New folder\HRMS\tomcat\webapps\docs] has finished in [1,021] ms
10-Apr-2026 21:33:02.791 INFO [main] org.apache.catalina.startup.HostConfig.deployDirectory Deploying web application directory [D:\New folder\HRMS\tomcat\webapps\examples]
10-Apr-2026 21:33:04.668 INFO [main] org.apache.catalina.startup.HostConfig.deployDirectory Deployment of web application directory [D:\New folder\HRMS\tomcat\webapps\examples] has finished in [1,876] ms
10-Apr-2026 21:33:04.669 INFO [main] org.apache.catalina.startup.HostConfig.deployDirectory Deploying web application directory [D:\New folder\HRMS\tomcat\webapps\host-manager]
10-Apr-2026 21:33:04.862 INFO [main] org.apache.catalina.startup.HostConfig.deployDirectory Deployment of web application directory [D:\New folder\HRMS\tomcat\webapps\host-manager] has finished in [191] ms
10-Apr-2026 21:33:04.862 INFO [main] org.apache.catalina.startup.HostConfig.deployDirectory Deploying web application directory [D:\New folder\HRMS\tomcat\webapps\HRMS]
10-Apr-2026 21:33:06.702 INFO [main] org.apache.jasper.servlet.TldScanner.scanJars At least one JAR was scanned for TLDs yet contained no TLDs. Enable debug logging for this logger for a complete list of JARs that were scanned but no TLDs were found in them. Skipping unneeded JARs during scanning can improve startup time and JSP compilation time.
10-Apr-2026 21:33:06.736 INFO [main] org.apache.catalina.startup.HostConfig.deployDirectory Deployment of web application directory [D:\New folder\HRMS\tomcat\webapps\HRMS] has finished in [1,873] ms
10-Apr-2026 21:33:06.737 INFO [main] org.apache.catalina.startup.HostConfig.deployDirectory Deploying web application directory [D:\New folder\HRMS\tomcat\webapps\manager]
10-Apr-2026 21:33:06.883 INFO [main] org.apache.catalina.startup.HostConfig.deployDirectory Deployment of web application directory [D:\New folder\HRMS\tomcat\webapps\manager] has finished in [145] ms
10-Apr-2026 21:33:06.884 INFO [main] org.apache.catalina.startup.HostConfig.deployDirectory Deploying web application directory [D:\New folder\HRMS\tomcat\webapps\ROOT]
10-Apr-2026 21:33:06.973 INFO [main] org.apache.catalina.startup.HostConfig.deployDirectory Deployment of web application directory [D:\New folder\HRMS\tomcat\webapps\ROOT] has finished in [90] ms
10-Apr-2026 21:33:06.987 INFO [main] org.apache.coyote.AbstractProtocol.start Starting ProtocolHandler ["http-nio-8085"]
10-Apr-2026 21:33:07.082 INFO [main] org.apache.catalina.startup.Catalina.start Server startup in [5564] milliseconds
10-Apr-2026 21:36:18.297 INFO [main] org.apache.catalina.startup.VersionLoggerListener.log Server version name:   Apache Tomcat/9.0.98
10-Apr-2026 21:36:18.305 INFO [main] org.apache.catalina.startup.VersionLoggerListener.log Server built:          Dec 5 2024 19:50:29 UTC
10-Apr-2026 21:36:18.306 INFO [main] org.apache.catalina.startup.VersionLoggerListener.log Server version number: 9.0.98.0
10-Apr-2026 21:36:18.307 INFO [main] org.apache.catalina.startup.VersionLoggerListener.log OS Name:               Windows 11
10-Apr-2026 21:36:18.307 INFO [main] org.apache.catalina.startup.VersionLoggerListener.log OS Version:            10.0
10-Apr-2026 21:36:18.307 INFO [main] org.apache.catalina.startup.VersionLoggerListener.log Architecture:          amd64
10-Apr-2026 21:36:18.307 INFO [main] org.apache.catalina.startup.VersionLoggerListener.log Java Home:             C:\Program Files\Java\jdk-24
10-Apr-2026 21:36:18.308 INFO [main] org.apache.catalina.startup.VersionLoggerListener.log JVM Version:           24.0.2+12-54
10-Apr-2026 21:36:18.308 INFO [main] org.apache.catalina.startup.VersionLoggerListener.log JVM Vendor:            Oracle Corporation
10-Apr-2026 21:36:18.308 INFO [main] org.apache.catalina.startup.VersionLoggerListener.log CATALINA_BASE:         D:\New folder\HRMS\tomcat
10-Apr-2026 21:36:18.309 INFO [main] org.apache.catalina.startup.VersionLoggerListener.log CATALINA_HOME:         D:\New folder\HRMS\tomcat
10-Apr-2026 21:36:18.342 INFO [main] org.apache.catalina.startup.VersionLoggerListener.log Command line argument: --add-opens=java.base/java.lang=ALL-UNNAMED
10-Apr-2026 21:36:18.342 INFO [main] org.apache.catalina.startup.VersionLoggerListener.log Command line argument: --add-opens=java.base/java.io=ALL-UNNAMED
10-Apr-2026 21:36:18.343 INFO [main] org.apache.catalina.startup.VersionLoggerListener.log Command line argument: --add-opens=java.base/java.util=ALL-UNNAMED
10-Apr-2026 21:36:18.343 INFO [main] org.apache.catalina.startup.VersionLoggerListener.log Command line argument: --add-opens=java.base/java.util.concurrent=ALL-UNNAMED
10-Apr-2026 21:36:18.344 INFO [main] org.apache.catalina.startup.VersionLoggerListener.log Command line argument: --add-opens=java.rmi/sun.rmi.transport=ALL-UNNAMED
10-Apr-2026 21:36:18.344 INFO [main] org.apache.catalina.startup.VersionLoggerListener.log Command line argument: -Djava.util.logging.config.file=D:\New folder\HRMS\tomcat\conf\logging.properties
10-Apr-2026 21:36:18.344 INFO [main] org.apache.catalina.startup.VersionLoggerListener.log Command line argument: -Djava.util.logging.manager=org.apache.juli.ClassLoaderLogManager
10-Apr-2026 21:36:18.345 INFO [main] org.apache.catalina.startup.VersionLoggerListener.log Command line argument: -Djdk.tls.ephemeralDHKeySize=2048
10-Apr-2026 21:36:18.345 INFO [main] org.apache.catalina.startup.VersionLoggerListener.log Command line argument: -Djava.protocol.handler.pkgs=org.apache.catalina.webresources
10-Apr-2026 21:36:18.346 INFO [main] org.apache.catalina.startup.VersionLoggerListener.log Command line argument: -Dignore.endorsed.dirs=
10-Apr-2026 21:36:18.346 INFO [main] org.apache.catalina.startup.VersionLoggerListener.log Command line argument: -Dcatalina.base=D:\New folder\HRMS\tomcat
10-Apr-2026 21:36:18.346 INFO [main] org.apache.catalina.startup.VersionLoggerListener.log Command line argument: -Dcatalina.home=D:\New folder\HRMS\tomcat
10-Apr-2026 21:36:18.347 INFO [main] org.apache.catalina.startup.VersionLoggerListener.log Command line argument: -Djava.io.tmpdir=D:\New folder\HRMS\tomcat\temp
10-Apr-2026 21:36:18.366 INFO [main] org.apache.catalina.core.AprLifecycleListener.lifecycleEvent The Apache Tomcat Native library which allows using OpenSSL was not found on the java.library.path: [C:\Program Files\Java\jdk-24\bin;C:\WINDOWS\Sun\Java\bin;C:\WINDOWS\system32;C:\WINDOWS;C:\Program Files\Common Files\Oracle\Java\javapath;C:\WINDOWS\system32;C:\WINDOWS;C:\WINDOWS\System32\Wbem;C:\WINDOWS\System32\WindowsPowerShell\v1.0\;C:\WINDOWS\System32\OpenSSH\;C:\Users\Admin\AppData\Local\Programs\Python\Python311\Scripts;C:\Users\Admin\AppData\Local\Programs\Python\Python311\Lib;C:\Program Files\Java\jdk-24\bin;C:\Program Files\Git\cmd;C:\Users\Admin\AppData\Local\Programs\Python\Python39\Scripts\;C:\Users\Admin\AppData\Local\Programs\Python\Python39\;C:\Users\Admin\AppData\Local\Programs\Python\Python311\Scripts;C:\Users\Admin\AppData\Local\Programs\Python\Python311\;C:\Users\Admin\AppData\Local\Microsoft\WindowsApps;C:\Program Files\Java\jdk-24\bin;C:\Users\Admin\AppData\Local\Programs\Python\Python311\Lib;C:\Users\Admin\AppData\Local\Programs\Microsoft VS Code\bin;C:\Users\Admin\AppData\Local\Programs\Antigravity\bin;.]
10-Apr-2026 21:36:19.916 INFO [main] org.apache.coyote.AbstractProtocol.init Initializing ProtocolHandler ["http-nio-8085"]
10-Apr-2026 21:36:20.035 INFO [main] org.apache.catalina.startup.Catalina.load Server initialization in [2428] milliseconds
10-Apr-2026 21:36:20.207 INFO [main] org.apache.catalina.core.StandardService.startInternal Starting service [Catalina]
10-Apr-2026 21:36:20.209 INFO [main] org.apache.catalina.core.StandardEngine.startInternal Starting Servlet engine: [Apache Tomcat/9.0.98]
10-Apr-2026 21:36:20.243 INFO [main] org.apache.catalina.startup.HostConfig.deployDirectory Deploying web application directory [D:\New folder\HRMS\tomcat\webapps\docs]
10-Apr-2026 21:36:21.370 INFO [main] org.apache.catalina.startup.HostConfig.deployDirectory Deployment of web application directory [D:\New folder\HRMS\tomcat\webapps\docs] has finished in [1,122] ms
10-Apr-2026 21:36:21.371 INFO [main] org.apache.catalina.startup.HostConfig.deployDirectory Deploying web application directory [D:\New folder\HRMS\tomcat\webapps\examples]
10-Apr-2026 21:36:22.769 INFO [main] org.apache.catalina.startup.HostConfig.deployDirectory Deployment of web application directory [D:\New folder\HRMS\tomcat\webapps\examples] has finished in [1,398] ms
10-Apr-2026 21:36:22.770 INFO [main] org.apache.catalina.startup.HostConfig.deployDirectory Deploying web application directory [D:\New folder\HRMS\tomcat\webapps\host-manager]
10-Apr-2026 21:36:22.970 INFO [main] org.apache.catalina.startup.HostConfig.deployDirectory Deployment of web application directory [D:\New folder\HRMS\tomcat\webapps\host-manager] has finished in [200] ms
10-Apr-2026 21:36:22.970 INFO [main] org.apache.catalina.startup.HostConfig.deployDirectory Deploying web application directory [D:\New folder\HRMS\tomcat\webapps\HRMS]
10-Apr-2026 21:36:24.791 INFO [main] org.apache.jasper.servlet.TldScanner.scanJars At least one JAR was scanned for TLDs yet contained no TLDs. Enable debug logging for this logger for a complete list of JARs that were scanned but no TLDs were found in them. Skipping unneeded JARs during scanning can improve startup time and JSP compilation time.
10-Apr-2026 21:36:24.814 INFO [main] org.apache.catalina.startup.HostConfig.deployDirectory Deployment of web application directory [D:\New folder\HRMS\tomcat\webapps\HRMS] has finished in [1,841] ms
10-Apr-2026 21:36:24.815 INFO [main] org.apache.catalina.startup.HostConfig.deployDirectory Deploying web application directory [D:\New folder\HRMS\tomcat\webapps\manager]
10-Apr-2026 21:36:24.923 INFO [main] org.apache.catalina.startup.HostConfig.deployDirectory Deployment of web application directory [D:\New folder\HRMS\tomcat\webapps\manager] has finished in [108] ms
10-Apr-2026 21:36:24.923 INFO [main] org.apache.catalina.startup.HostConfig.deployDirectory Deploying web application directory [D:\New folder\HRMS\tomcat\webapps\ROOT]
10-Apr-2026 21:36:25.005 INFO [main] org.apache.catalina.startup.HostConfig.deployDirectory Deployment of web application directory [D:\New folder\HRMS\tomcat\webapps\ROOT] has finished in [82] ms
10-Apr-2026 21:36:25.021 INFO [main] org.apache.coyote.AbstractProtocol.start Starting ProtocolHandler ["http-nio-8085"]
10-Apr-2026 21:36:25.102 INFO [main] org.apache.catalina.startup.Catalina.start Server startup in [5061] milliseconds
10-Apr-2026 21:39:40.803 INFO [main] org.apache.catalina.startup.VersionLoggerListener.log Server version name:   Apache Tomcat/9.0.98
10-Apr-2026 21:39:40.809 INFO [main] org.apache.catalina.startup.VersionLoggerListener.log Server built:          Dec 5 2024 19:50:29 UTC
10-Apr-2026 21:39:40.810 INFO [main] org.apache.catalina.startup.VersionLoggerListener.log Server version number: 9.0.98.0
10-Apr-2026 21:39:40.811 INFO [main] org.apache.catalina.startup.VersionLoggerListener.log OS Name:               Windows 11
10-Apr-2026 21:39:40.811 INFO [main] org.apache.catalina.startup.VersionLoggerListener.log OS Version:            10.0
10-Apr-2026 21:39:40.812 INFO [main] org.apache.catalina.startup.VersionLoggerListener.log Architecture:          amd64
10-Apr-2026 21:39:40.813 INFO [main] org.apache.catalina.startup.VersionLoggerListener.log Java Home:             C:\Program Files\Java\jdk-24
10-Apr-2026 21:39:40.814 INFO [main] org.apache.catalina.startup.VersionLoggerListener.log JVM Version:           24.0.2+12-54
10-Apr-2026 21:39:40.814 INFO [main] org.apache.catalina.startup.VersionLoggerListener.log JVM Vendor:            Oracle Corporation
10-Apr-2026 21:39:40.814 INFO [main] org.apache.catalina.startup.VersionLoggerListener.log CATALINA_BASE:         D:\New folder\HRMS\tomcat
10-Apr-2026 21:39:40.815 INFO [main] org.apache.catalina.startup.VersionLoggerListener.log CATALINA_HOME:         D:\New folder\HRMS\tomcat
10-Apr-2026 21:39:40.842 INFO [main] org.apache.catalina.startup.VersionLoggerListener.log Command line argument: --add-opens=java.base/java.lang=ALL-UNNAMED
10-Apr-2026 21:39:40.844 INFO [main] org.apache.catalina.startup.VersionLoggerListener.log Command line argument: --add-opens=java.base/java.io=ALL-UNNAMED
10-Apr-2026 21:39:40.844 INFO [main] org.apache.catalina.startup.VersionLoggerListener.log Command line argument: --add-opens=java.base/java.util=ALL-UNNAMED
10-Apr-2026 21:39:40.845 INFO [main] org.apache.catalina.startup.VersionLoggerListener.log Command line argument: --add-opens=java.base/java.util.concurrent=ALL-UNNAMED
10-Apr-2026 21:39:40.846 INFO [main] org.apache.catalina.startup.VersionLoggerListener.log Command line argument: --add-opens=java.rmi/sun.rmi.transport=ALL-UNNAMED
10-Apr-2026 21:39:40.847 INFO [main] org.apache.catalina.startup.VersionLoggerListener.log Command line argument: -Djava.util.logging.config.file=D:\New folder\HRMS\tomcat\conf\logging.properties
10-Apr-2026 21:39:40.847 INFO [main] org.apache.catalina.startup.VersionLoggerListener.log Command line argument: -Djava.util.logging.manager=org.apache.juli.ClassLoaderLogManager
10-Apr-2026 21:39:40.848 INFO [main] org.apache.catalina.startup.VersionLoggerListener.log Command line argument: -Djdk.tls.ephemeralDHKeySize=2048
10-Apr-2026 21:39:40.848 INFO [main] org.apache.catalina.startup.VersionLoggerListener.log Command line argument: -Djava.protocol.handler.pkgs=org.apache.catalina.webresources
10-Apr-2026 21:39:40.848 INFO [main] org.apache.catalina.startup.VersionLoggerListener.log Command line argument: -Dignore.endorsed.dirs=
10-Apr-2026 21:39:40.849 INFO [main] org.apache.catalina.startup.VersionLoggerListener.log Command line argument: -Dcatalina.base=D:\New folder\HRMS\tomcat
10-Apr-2026 21:39:40.849 INFO [main] org.apache.catalina.startup.VersionLoggerListener.log Command line argument: -Dcatalina.home=D:\New folder\HRMS\tomcat
10-Apr-2026 21:39:40.849 INFO [main] org.apache.catalina.startup.VersionLoggerListener.log Command line argument: -Djava.io.tmpdir=D:\New folder\HRMS\tomcat\temp
10-Apr-2026 21:39:40.873 INFO [main] org.apache.catalina.core.AprLifecycleListener.lifecycleEvent The Apache Tomcat Native library which allows using OpenSSL was not found on the java.library.path: [C:\Program Files\Java\jdk-24\bin;C:\WINDOWS\Sun\Java\bin;C:\WINDOWS\system32;C:\WINDOWS;C:\Program Files\Common Files\Oracle\Java\javapath;C:\WINDOWS\system32;C:\WINDOWS;C:\WINDOWS\System32\Wbem;C:\WINDOWS\System32\WindowsPowerShell\v1.0\;C:\WINDOWS\System32\OpenSSH\;C:\Users\Admin\AppData\Local\Programs\Python\Python311\Scripts;C:\Users\Admin\AppData\Local\Programs\Python\Python311\Lib;C:\Program Files\Java\jdk-24\bin;C:\Program Files\Git\cmd;C:\Users\Admin\AppData\Local\Programs\Python\Python39\Scripts\;C:\Users\Admin\AppData\Local\Programs\Python\Python39\;C:\Users\Admin\AppData\Local\Programs\Python\Python311\Scripts;C:\Users\Admin\AppData\Local\Programs\Python\Python311\;C:\Users\Admin\AppData\Local\Microsoft\WindowsApps;C:\Program Files\Java\jdk-24\bin;C:\Users\Admin\AppData\Local\Programs\Python\Python311\Lib;C:\Users\Admin\AppData\Local\Programs\Microsoft VS Code\bin;C:\Users\Admin\AppData\Local\Programs\Antigravity\bin;.]
10-Apr-2026 21:39:41.851 INFO [main] org.apache.coyote.AbstractProtocol.init Initializing ProtocolHandler ["http-nio-8085"]
10-Apr-2026 21:39:41.915 INFO [main] org.apache.catalina.startup.Catalina.load Server initialization in [1678] milliseconds
10-Apr-2026 21:39:42.033 INFO [main] org.apache.catalina.core.StandardService.startInternal Starting service [Catalina]
10-Apr-2026 21:39:42.034 INFO [main] org.apache.catalina.core.StandardEngine.startInternal Starting Servlet engine: [Apache Tomcat/9.0.98]
10-Apr-2026 21:39:42.055 INFO [main] org.apache.catalina.startup.HostConfig.deployDirectory Deploying web application directory [D:\New folder\HRMS\tomcat\webapps\docs]
10-Apr-2026 21:39:43.042 INFO [main] org.apache.catalina.startup.HostConfig.deployDirectory Deployment of web application directory [D:\New folder\HRMS\tomcat\webapps\docs] has finished in [982] ms
10-Apr-2026 21:39:43.045 INFO [main] org.apache.catalina.startup.HostConfig.deployDirectory Deploying web application directory [D:\New folder\HRMS\tomcat\webapps\examples]
10-Apr-2026 21:39:44.556 INFO [main] org.apache.catalina.startup.HostConfig.deployDirectory Deployment of web application directory [D:\New folder\HRMS\tomcat\webapps\examples] has finished in [1,511] ms
10-Apr-2026 21:39:44.557 INFO [main] org.apache.catalina.startup.HostConfig.deployDirectory Deploying web application directory [D:\New folder\HRMS\tomcat\webapps\host-manager]
10-Apr-2026 21:39:44.669 INFO [main] org.apache.catalina.startup.HostConfig.deployDirectory Deployment of web application directory [D:\New folder\HRMS\tomcat\webapps\host-manager] has finished in [112] ms
10-Apr-2026 21:39:44.670 INFO [main] org.apache.catalina.startup.HostConfig.deployDirectory Deploying web application directory [D:\New folder\HRMS\tomcat\webapps\HRMS]
10-Apr-2026 21:39:46.266 INFO [main] org.apache.jasper.servlet.TldScanner.scanJars At least one JAR was scanned for TLDs yet contained no TLDs. Enable debug logging for this logger for a complete list of JARs that were scanned but no TLDs were found in them. Skipping unneeded JARs during scanning can improve startup time and JSP compilation time.
10-Apr-2026 21:39:46.292 INFO [main] org.apache.catalina.startup.HostConfig.deployDirectory Deployment of web application directory [D:\New folder\HRMS\tomcat\webapps\HRMS] has finished in [1,621] ms
10-Apr-2026 21:39:46.294 INFO [main] org.apache.catalina.startup.HostConfig.deployDirectory Deploying web application directory [D:\New folder\HRMS\tomcat\webapps\manager]
10-Apr-2026 21:39:46.427 INFO [main] org.apache.catalina.startup.HostConfig.deployDirectory Deployment of web application directory [D:\New folder\HRMS\tomcat\webapps\manager] has finished in [133] ms
10-Apr-2026 21:39:46.427 INFO [main] org.apache.catalina.startup.HostConfig.deployDirectory Deploying web application directory [D:\New folder\HRMS\tomcat\webapps\ROOT]
10-Apr-2026 21:39:46.483 INFO [main] org.apache.catalina.startup.HostConfig.deployDirectory Deployment of web application directory [D:\New folder\HRMS\tomcat\webapps\ROOT] has finished in [55] ms
10-Apr-2026 21:39:46.494 INFO [main] org.apache.coyote.AbstractProtocol.start Starting ProtocolHandler ["http-nio-8085"]
10-Apr-2026 21:39:46.551 INFO [main] org.apache.catalina.startup.Catalina.start Server startup in [4630] milliseconds
10-Apr-2026 21:45:24.847 INFO [main] org.apache.catalina.startup.VersionLoggerListener.log Server version name:   Apache Tomcat/9.0.98
10-Apr-2026 21:45:24.854 INFO [main] org.apache.catalina.startup.VersionLoggerListener.log Server built:          Dec 5 2024 19:50:29 UTC
10-Apr-2026 21:45:24.855 INFO [main] org.apache.catalina.startup.VersionLoggerListener.log Server version number: 9.0.98.0
10-Apr-2026 21:45:24.855 INFO [main] org.apache.catalina.startup.VersionLoggerListener.log OS Name:               Windows 11
10-Apr-2026 21:45:24.855 INFO [main] org.apache.catalina.startup.VersionLoggerListener.log OS Version:            10.0
10-Apr-2026 21:45:24.856 INFO [main] org.apache.catalina.startup.VersionLoggerListener.log Architecture:          amd64
10-Apr-2026 21:45:24.856 INFO [main] org.apache.catalina.startup.VersionLoggerListener.log Java Home:             C:\Program Files\Java\jdk-24
10-Apr-2026 21:45:24.856 INFO [main] org.apache.catalina.startup.VersionLoggerListener.log JVM Version:           24.0.2+12-54
10-Apr-2026 21:45:24.857 INFO [main] org.apache.catalina.startup.VersionLoggerListener.log JVM Vendor:            Oracle Corporation
10-Apr-2026 21:45:24.857 INFO [main] org.apache.catalina.startup.VersionLoggerListener.log CATALINA_BASE:         D:\New folder\HRMS\tomcat
10-Apr-2026 21:45:24.858 INFO [main] org.apache.catalina.startup.VersionLoggerListener.log CATALINA_HOME:         D:\New folder\HRMS\tomcat
10-Apr-2026 21:45:24.896 INFO [main] org.apache.catalina.startup.VersionLoggerListener.log Command line argument: --add-opens=java.base/java.lang=ALL-UNNAMED
10-Apr-2026 21:45:24.896 INFO [main] org.apache.catalina.startup.VersionLoggerListener.log Command line argument: --add-opens=java.base/java.io=ALL-UNNAMED
10-Apr-2026 21:45:24.896 INFO [main] org.apache.catalina.startup.VersionLoggerListener.log Command line argument: --add-opens=java.base/java.util=ALL-UNNAMED
10-Apr-2026 21:45:24.897 INFO [main] org.apache.catalina.startup.VersionLoggerListener.log Command line argument: --add-opens=java.base/java.util.concurrent=ALL-UNNAMED
10-Apr-2026 21:45:24.897 INFO [main] org.apache.catalina.startup.VersionLoggerListener.log Command line argument: --add-opens=java.rmi/sun.rmi.transport=ALL-UNNAMED
10-Apr-2026 21:45:24.897 INFO [main] org.apache.catalina.startup.VersionLoggerListener.log Command line argument: -Djava.util.logging.config.file=D:\New folder\HRMS\tomcat\conf\logging.properties
10-Apr-2026 21:45:24.897 INFO [main] org.apache.catalina.startup.VersionLoggerListener.log Command line argument: -Djava.util.logging.manager=org.apache.juli.ClassLoaderLogManager
10-Apr-2026 21:45:24.898 INFO [main] org.apache.catalina.startup.VersionLoggerListener.log Command line argument: -Djdk.tls.ephemeralDHKeySize=2048
10-Apr-2026 21:45:24.898 INFO [main] org.apache.catalina.startup.VersionLoggerListener.log Command line argument: -Djava.protocol.handler.pkgs=org.apache.catalina.webresources
10-Apr-2026 21:45:24.899 INFO [main] org.apache.catalina.startup.VersionLoggerListener.log Command line argument: -Dignore.endorsed.dirs=
10-Apr-2026 21:45:24.899 INFO [main] org.apache.catalina.startup.VersionLoggerListener.log Command line argument: -Dcatalina.base=D:\New folder\HRMS\tomcat
10-Apr-2026 21:45:24.900 INFO [main] org.apache.catalina.startup.VersionLoggerListener.log Command line argument: -Dcatalina.home=D:\New folder\HRMS\tomcat
10-Apr-2026 21:45:24.900 INFO [main] org.apache.catalina.startup.VersionLoggerListener.log Command line argument: -Djava.io.tmpdir=D:\New folder\HRMS\tomcat\temp
10-Apr-2026 21:45:24.921 INFO [main] org.apache.catalina.core.AprLifecycleListener.lifecycleEvent The Apache Tomcat Native library which allows using OpenSSL was not found on the java.library.path: [C:\Program Files\Java\jdk-24\bin;C:\WINDOWS\Sun\Java\bin;C:\WINDOWS\system32;C:\WINDOWS;C:\Program Files\Common Files\Oracle\Java\javapath;C:\WINDOWS\system32;C:\WINDOWS;C:\WINDOWS\System32\Wbem;C:\WINDOWS\System32\WindowsPowerShell\v1.0\;C:\WINDOWS\System32\OpenSSH\;C:\Users\Admin\AppData\Local\Programs\Python\Python311\Scripts;C:\Users\Admin\AppData\Local\Programs\Python\Python311\Lib;C:\Program Files\Java\jdk-24\bin;C:\Program Files\Git\cmd;C:\Users\Admin\AppData\Local\Programs\Python\Python39\Scripts\;C:\Users\Admin\AppData\Local\Programs\Python\Python39\;C:\Users\Admin\AppData\Local\Programs\Python\Python311\Scripts;C:\Users\Admin\AppData\Local\Programs\Python\Python311\;C:\Users\Admin\AppData\Local\Microsoft\WindowsApps;C:\Program Files\Java\jdk-24\bin;C:\Users\Admin\AppData\Local\Programs\Python\Python311\Lib;C:\Users\Admin\AppData\Local\Programs\Microsoft VS Code\bin;C:\Users\Admin\AppData\Local\Programs\Antigravity\bin;.]
10-Apr-2026 21:45:25.866 INFO [main] org.apache.coyote.AbstractProtocol.init Initializing ProtocolHandler ["http-nio-8085"]
10-Apr-2026 21:45:25.941 INFO [main] org.apache.catalina.startup.Catalina.load Server initialization in [1825] milliseconds
10-Apr-2026 21:45:26.080 INFO [main] org.apache.catalina.core.StandardService.startInternal Starting service [Catalina]
10-Apr-2026 21:45:26.081 INFO [main] org.apache.catalina.core.StandardEngine.startInternal Starting Servlet engine: [Apache Tomcat/9.0.98]
10-Apr-2026 21:45:26.098 INFO [main] org.apache.catalina.startup.HostConfig.deployDirectory Deploying web application directory [D:\New folder\HRMS\tomcat\webapps\docs]
10-Apr-2026 21:45:27.087 INFO [main] org.apache.catalina.startup.HostConfig.deployDirectory Deployment of web application directory [D:\New folder\HRMS\tomcat\webapps\docs] has finished in [984] ms
10-Apr-2026 21:45:27.089 INFO [main] org.apache.catalina.startup.HostConfig.deployDirectory Deploying web application directory [D:\New folder\HRMS\tomcat\webapps\examples]
10-Apr-2026 21:45:28.554 INFO [main] org.apache.catalina.startup.HostConfig.deployDirectory Deployment of web application directory [D:\New folder\HRMS\tomcat\webapps\examples] has finished in [1,466] ms
10-Apr-2026 21:45:28.555 INFO [main] org.apache.catalina.startup.HostConfig.deployDirectory Deploying web application directory [D:\New folder\HRMS\tomcat\webapps\host-manager]
10-Apr-2026 21:45:28.658 INFO [main] org.apache.catalina.startup.HostConfig.deployDirectory Deployment of web application directory [D:\New folder\HRMS\tomcat\webapps\host-manager] has finished in [103] ms
10-Apr-2026 21:45:28.658 INFO [main] org.apache.catalina.startup.HostConfig.deployDirectory Deploying web application directory [D:\New folder\HRMS\tomcat\webapps\HRMS]
10-Apr-2026 21:45:30.086 INFO [main] org.apache.jasper.servlet.TldScanner.scanJars At least one JAR was scanned for TLDs yet contained no TLDs. Enable debug logging for this logger for a complete list of JARs that were scanned but no TLDs were found in them. Skipping unneeded JARs during scanning can improve startup time and JSP compilation time.
10-Apr-2026 21:45:30.110 INFO [main] org.apache.catalina.startup.HostConfig.deployDirectory Deployment of web application directory [D:\New folder\HRMS\tomcat\webapps\HRMS] has finished in [1,452] ms
10-Apr-2026 21:45:30.112 INFO [main] org.apache.catalina.startup.HostConfig.deployDirectory Deploying web application directory [D:\New folder\HRMS\tomcat\webapps\manager]
10-Apr-2026 21:45:30.193 INFO [main] org.apache.catalina.startup.HostConfig.deployDirectory Deployment of web application directory [D:\New folder\HRMS\tomcat\webapps\manager] has finished in [80] ms
10-Apr-2026 21:45:30.194 INFO [main] org.apache.catalina.startup.HostConfig.deployDirectory Deploying web application directory [D:\New folder\HRMS\tomcat\webapps\ROOT]
10-Apr-2026 21:45:30.259 INFO [main] org.apache.catalina.startup.HostConfig.deployDirectory Deployment of web application directory [D:\New folder\HRMS\tomcat\webapps\ROOT] has finished in [66] ms
10-Apr-2026 21:45:30.267 INFO [main] org.apache.coyote.AbstractProtocol.start Starting ProtocolHandler ["http-nio-8085"]
10-Apr-2026 21:45:30.333 INFO [main] org.apache.catalina.startup.Catalina.start Server startup in [4385] milliseconds
10-Apr-2026 22:48:32.295 INFO [main] org.apache.catalina.startup.VersionLoggerListener.log Server version name:   Apache Tomcat/9.0.98
10-Apr-2026 22:48:32.298 INFO [main] org.apache.catalina.startup.VersionLoggerListener.log Server built:          Dec 5 2024 19:50:29 UTC
10-Apr-2026 22:48:32.299 INFO [main] org.apache.catalina.startup.VersionLoggerListener.log Server version number: 9.0.98.0
10-Apr-2026 22:48:32.299 INFO [main] org.apache.catalina.startup.VersionLoggerListener.log OS Name:               Windows 11
10-Apr-2026 22:48:32.299 INFO [main] org.apache.catalina.startup.VersionLoggerListener.log OS Version:            10.0
10-Apr-2026 22:48:32.300 INFO [main] org.apache.catalina.startup.VersionLoggerListener.log Architecture:          amd64
10-Apr-2026 22:48:32.300 INFO [main] org.apache.catalina.startup.VersionLoggerListener.log Java Home:             C:\Program Files\Java\jdk-24
10-Apr-2026 22:48:32.300 INFO [main] org.apache.catalina.startup.VersionLoggerListener.log JVM Version:           24.0.2+12-54
10-Apr-2026 22:48:32.300 INFO [main] org.apache.catalina.startup.VersionLoggerListener.log JVM Vendor:            Oracle Corporation
10-Apr-2026 22:48:32.300 INFO [main] org.apache.catalina.startup.VersionLoggerListener.log CATALINA_BASE:         D:\New folder\HRMS\tomcat
10-Apr-2026 22:48:32.300 INFO [main] org.apache.catalina.startup.VersionLoggerListener.log CATALINA_HOME:         D:\New folder\HRMS\tomcat
10-Apr-2026 22:48:32.322 INFO [main] org.apache.catalina.startup.VersionLoggerListener.log Command line argument: --add-opens=java.base/java.lang=ALL-UNNAMED
10-Apr-2026 22:48:32.323 INFO [main] org.apache.catalina.startup.VersionLoggerListener.log Command line argument: --add-opens=java.base/java.io=ALL-UNNAMED
10-Apr-2026 22:48:32.323 INFO [main] org.apache.catalina.startup.VersionLoggerListener.log Command line argument: --add-opens=java.base/java.util=ALL-UNNAMED
10-Apr-2026 22:48:32.323 INFO [main] org.apache.catalina.startup.VersionLoggerListener.log Command line argument: --add-opens=java.base/java.util.concurrent=ALL-UNNAMED
10-Apr-2026 22:48:32.323 INFO [main] org.apache.catalina.startup.VersionLoggerListener.log Command line argument: --add-opens=java.rmi/sun.rmi.transport=ALL-UNNAMED
10-Apr-2026 22:48:32.324 INFO [main] org.apache.catalina.startup.VersionLoggerListener.log Command line argument: -Djava.util.logging.config.file=D:\New folder\HRMS\tomcat\conf\logging.properties
10-Apr-2026 22:48:32.324 INFO [main] org.apache.catalina.startup.VersionLoggerListener.log Command line argument: -Djava.util.logging.manager=org.apache.juli.ClassLoaderLogManager
10-Apr-2026 22:48:32.324 INFO [main] org.apache.catalina.startup.VersionLoggerListener.log Command line argument: -Djdk.tls.ephemeralDHKeySize=2048
10-Apr-2026 22:48:32.324 INFO [main] org.apache.catalina.startup.VersionLoggerListener.log Command line argument: -Djava.protocol.handler.pkgs=org.apache.catalina.webresources
10-Apr-2026 22:48:32.324 INFO [main] org.apache.catalina.startup.VersionLoggerListener.log Command line argument: -Dignore.endorsed.dirs=
10-Apr-2026 22:48:32.324 INFO [main] org.apache.catalina.startup.VersionLoggerListener.log Command line argument: -Dcatalina.base=D:\New folder\HRMS\tomcat
10-Apr-2026 22:48:32.324 INFO [main] org.apache.catalina.startup.VersionLoggerListener.log Command line argument: -Dcatalina.home=D:\New folder\HRMS\tomcat
10-Apr-2026 22:48:32.324 INFO [main] org.apache.catalina.startup.VersionLoggerListener.log Command line argument: -Djava.io.tmpdir=D:\New folder\HRMS\tomcat\temp
10-Apr-2026 22:48:32.332 INFO [main] org.apache.catalina.core.AprLifecycleListener.lifecycleEvent The Apache Tomcat Native library which allows using OpenSSL was not found on the java.library.path: [C:\Program Files\Java\jdk-24\bin;C:\WINDOWS\Sun\Java\bin;C:\WINDOWS\system32;C:\WINDOWS;C:\Program Files\Common Files\Oracle\Java\javapath;C:\WINDOWS\system32;C:\WINDOWS;C:\WINDOWS\System32\Wbem;C:\WINDOWS\System32\WindowsPowerShell\v1.0\;C:\WINDOWS\System32\OpenSSH\;C:\Users\Admin\AppData\Local\Programs\Python\Python311\Scripts;C:\Users\Admin\AppData\Local\Programs\Python\Python311\Lib;C:\Program Files\Java\jdk-24\bin;C:\Program Files\Git\cmd;C:\Users\Admin\AppData\Local\Programs\Python\Python39\Scripts\;C:\Users\Admin\AppData\Local\Programs\Python\Python39\;C:\Users\Admin\AppData\Local\Programs\Python\Python311\Scripts;C:\Users\Admin\AppData\Local\Programs\Python\Python311\;C:\Users\Admin\AppData\Local\Microsoft\WindowsApps;C:\Program Files\Java\jdk-24\bin;C:\Users\Admin\AppData\Local\Programs\Python\Python311\Lib;C:\Users\Admin\AppData\Local\Programs\Microsoft VS Code\bin;C:\Users\Admin\AppData\Local\Programs\Antigravity\bin;.]
10-Apr-2026 22:48:32.815 INFO [main] org.apache.coyote.AbstractProtocol.init Initializing ProtocolHandler ["http-nio-8085"]
10-Apr-2026 22:48:32.853 INFO [main] org.apache.catalina.startup.Catalina.load Server initialization in [829] milliseconds
10-Apr-2026 22:48:32.924 INFO [main] org.apache.catalina.core.StandardService.startInternal Starting service [Catalina]
10-Apr-2026 22:48:32.925 INFO [main] org.apache.catalina.core.StandardEngine.startInternal Starting Servlet engine: [Apache Tomcat/9.0.98]
10-Apr-2026 22:48:32.933 INFO [main] org.apache.catalina.startup.HostConfig.deployDirectory Deploying web application directory [D:\New folder\HRMS\tomcat\webapps\docs]
10-Apr-2026 22:48:33.353 INFO [main] org.apache.catalina.startup.HostConfig.deployDirectory Deployment of web application directory [D:\New folder\HRMS\tomcat\webapps\docs] has finished in [419] ms
10-Apr-2026 22:48:33.354 INFO [main] org.apache.catalina.startup.HostConfig.deployDirectory Deploying web application directory [D:\New folder\HRMS\tomcat\webapps\examples]
10-Apr-2026 22:48:34.309 INFO [main] org.apache.catalina.startup.HostConfig.deployDirectory Deployment of web application directory [D:\New folder\HRMS\tomcat\webapps\examples] has finished in [955] ms
10-Apr-2026 22:48:34.310 INFO [main] org.apache.catalina.startup.HostConfig.deployDirectory Deploying web application directory [D:\New folder\HRMS\tomcat\webapps\host-manager]
10-Apr-2026 22:48:34.361 INFO [main] org.apache.catalina.startup.HostConfig.deployDirectory Deployment of web application directory [D:\New folder\HRMS\tomcat\webapps\host-manager] has finished in [51] ms
10-Apr-2026 22:48:34.362 INFO [main] org.apache.catalina.startup.HostConfig.deployDirectory Deploying web application directory [D:\New folder\HRMS\tomcat\webapps\HRMS]
10-Apr-2026 22:48:35.698 INFO [main] org.apache.jasper.servlet.TldScanner.scanJars At least one JAR was scanned for TLDs yet contained no TLDs. Enable debug logging for this logger for a complete list of JARs that were scanned but no TLDs were found in them. Skipping unneeded JARs during scanning can improve startup time and JSP compilation time.
10-Apr-2026 22:48:35.730 INFO [main] org.apache.catalina.startup.HostConfig.deployDirectory Deployment of web application directory [D:\New folder\HRMS\tomcat\webapps\HRMS] has finished in [1,369] ms
10-Apr-2026 22:48:35.731 INFO [main] org.apache.catalina.startup.HostConfig.deployDirectory Deploying web application directory [D:\New folder\HRMS\tomcat\webapps\manager]
10-Apr-2026 22:48:35.777 INFO [main] org.apache.catalina.startup.HostConfig.deployDirectory Deployment of web application directory [D:\New folder\HRMS\tomcat\webapps\manager] has finished in [47] ms
10-Apr-2026 22:48:35.778 INFO [main] org.apache.catalina.startup.HostConfig.deployDirectory Deploying web application directory [D:\New folder\HRMS\tomcat\webapps\ROOT]
10-Apr-2026 22:48:35.804 INFO [main] org.apache.catalina.startup.HostConfig.deployDirectory Deployment of web application directory [D:\New folder\HRMS\tomcat\webapps\ROOT] has finished in [26] ms
10-Apr-2026 22:48:35.809 INFO [main] org.apache.coyote.AbstractProtocol.start Starting ProtocolHandler ["http-nio-8085"]
10-Apr-2026 22:48:35.859 INFO [main] org.apache.catalina.startup.Catalina.start Server startup in [3003] milliseconds
